2016-02-14 11:46:59 Notice: Notice (8): Undefined variable: users in [/var/www/myblog/htdocs/src/Template/Admin/users.ctp, line 17]
Trace:
Cake\Error\BaseErrorHandler::handleError() - CORE/src/Error/BaseErrorHandler.php, line 147
include - APP/Template/Admin/users.ctp, line 17
Cake\View\View::_evaluate() - CORE/src/View/View.php, line 992
Cake\View\View::_render() - CORE/src/View/View.php, line 952
Cake\View\View::render() - CORE/src/View/View.php, line 587
Cake\Controller\Controller::render() - CORE/src/Controller/Controller.php, line 611
Cake\Routing\Dispatcher::_invoke() - CORE/src/Routing/Dispatcher.php, line 120
Cake\Routing\Dispatcher::dispatch() - CORE/src/Routing/Dispatcher.php, line 87
[main] - ROOT/webroot/index.php, line 37



2016-02-14 12:34:47 Notice: Notice (8): Trying to get property of non-object in [/var/www/myblog/htdocs/src/Template/Layout/admin.ctp, line 52]
Trace:
Cake\Error\BaseErrorHandler::handleError() - CORE/src/Error/BaseErrorHandler.php, line 147
include - APP/Template/Layout/admin.ctp, line 52
Cake\View\View::_evaluate() - CORE/src/View/View.php, line 992
Cake\View\View::_render() - CORE/src/View/View.php, line 952
Cake\View\View::renderLayout() - CORE/src/View/View.php, line 633
Cake\View\View::render() - CORE/src/View/View.php, line 592
Cake\Controller\Controller::render() - CORE/src/Controller/Controller.php, line 611
Cake\Routing\Dispatcher::_invoke() - CORE/src/Routing/Dispatcher.php, line 120
Cake\Routing\Dispatcher::dispatch() - CORE/src/Routing/Dispatcher.php, line 87
[main] - ROOT/webroot/index.php, line 37



2016-02-14 12:35:14 Notice: Notice (8): Trying to get property of non-object in [/var/www/myblog/htdocs/src/Template/Layout/admin.ctp, line 52]
Trace:
Cake\Error\BaseErrorHandler::handleError() - CORE/src/Error/BaseErrorHandler.php, line 147
include - APP/Template/Layout/admin.ctp, line 52
Cake\View\View::_evaluate() - CORE/src/View/View.php, line 992
Cake\View\View::_render() - CORE/src/View/View.php, line 952
Cake\View\View::renderLayout() - CORE/src/View/View.php, line 633
Cake\View\View::render() - CORE/src/View/View.php, line 592
Cake\Controller\Controller::render() - CORE/src/Controller/Controller.php, line 611
Cake\Routing\Dispatcher::_invoke() - CORE/src/Routing/Dispatcher.php, line 120
Cake\Routing\Dispatcher::dispatch() - CORE/src/Routing/Dispatcher.php, line 87
[main] - ROOT/webroot/index.php, line 37



2016-02-14 14:23:57 Notice: Notice (8): Trying to get property of non-object in [/var/www/myblog/htdocs/src/Controller/AdminController.php, line 84]
Trace:
Cake\Error\BaseErrorHandler::handleError() - CORE/src/Error/BaseErrorHandler.php, line 147
App\Controller\AdminController::login() - APP/Controller/AdminController.php, line 84
Cake\Controller\Controller::invokeAction() - CORE/src/Controller/Controller.php, line 429
Cake\Routing\Dispatcher::_invoke() - CORE/src/Routing/Dispatcher.php, line 114
Cake\Routing\Dispatcher::dispatch() - CORE/src/Routing/Dispatcher.php, line 87
[main] - ROOT/webroot/index.php, line 37



2016-02-14 14:26:27 Notice: Notice (8): Trying to get property of non-object in [/var/www/myblog/htdocs/src/Controller/AdminController.php, line 36]
Trace:
Cake\Error\BaseErrorHandler::handleError() - CORE/src/Error/BaseErrorHandler.php, line 147
App\Controller\AdminController::beforeFilter() - APP/Controller/AdminController.php, line 36
Cake\Event\EventManager::_callListener() - CORE/src/Event/EventManager.php, line 385
Cake\Event\EventManager::dispatch() - CORE/src/Event/EventManager.php, line 355
Cake\Controller\Controller::dispatchEvent() - CORE/src/Event/EventDispatcherTrait.php, line 78
Cake\Controller\Controller::startupProcess() - CORE/src/Controller/Controller.php, line 491
Cake\Routing\Dispatcher::_invoke() - CORE/src/Routing/Dispatcher.php, line 109
Cake\Routing\Dispatcher::dispatch() - CORE/src/Routing/Dispatcher.php, line 87
[main] - ROOT/webroot/index.php, line 37



2016-02-14 14:26:40 Notice: Notice (8): Trying to get property of non-object in [/var/www/myblog/htdocs/src/Controller/AdminController.php, line 36]
Trace:
Cake\Error\BaseErrorHandler::handleError() - CORE/src/Error/BaseErrorHandler.php, line 147
App\Controller\AdminController::beforeFilter() - APP/Controller/AdminController.php, line 36
Cake\Event\EventManager::_callListener() - CORE/src/Event/EventManager.php, line 385
Cake\Event\EventManager::dispatch() - CORE/src/Event/EventManager.php, line 355
Cake\Controller\Controller::dispatchEvent() - CORE/src/Event/EventDispatcherTrait.php, line 78
Cake\Controller\Controller::startupProcess() - CORE/src/Controller/Controller.php, line 491
Cake\Routing\Dispatcher::_invoke() - CORE/src/Routing/Dispatcher.php, line 109
Cake\Routing\Dispatcher::dispatch() - CORE/src/Routing/Dispatcher.php, line 87
[main] - ROOT/webroot/index.php, line 37



2016-02-14 14:31:53 Notice: Notice (8): Trying to get property of non-object in [/var/www/myblog/htdocs/src/Controller/AdminController.php, line 36]
Trace:
Cake\Error\BaseErrorHandler::handleError() - CORE/src/Error/BaseErrorHandler.php, line 147
App\Controller\AdminController::beforeFilter() - APP/Controller/AdminController.php, line 36
Cake\Event\EventManager::_callListener() - CORE/src/Event/EventManager.php, line 385
Cake\Event\EventManager::dispatch() - CORE/src/Event/EventManager.php, line 355
Cake\Controller\Controller::dispatchEvent() - CORE/src/Event/EventDispatcherTrait.php, line 78
Cake\Controller\Controller::startupProcess() - CORE/src/Controller/Controller.php, line 491
Cake\Routing\Dispatcher::_invoke() - CORE/src/Routing/Dispatcher.php, line 109
Cake\Routing\Dispatcher::dispatch() - CORE/src/Routing/Dispatcher.php, line 87
[main] - ROOT/webroot/index.php, line 37



2016-02-14 14:33:21 Notice: Notice (8): Trying to get property of non-object in [/var/www/myblog/htdocs/src/Controller/AdminController.php, line 36]
Trace:
Cake\Error\BaseErrorHandler::handleError() - CORE/src/Error/BaseErrorHandler.php, line 147
App\Controller\AdminController::beforeFilter() - APP/Controller/AdminController.php, line 36
Cake\Event\EventManager::_callListener() - CORE/src/Event/EventManager.php, line 385
Cake\Event\EventManager::dispatch() - CORE/src/Event/EventManager.php, line 355
Cake\Controller\Controller::dispatchEvent() - CORE/src/Event/EventDispatcherTrait.php, line 78
Cake\Controller\Controller::startupProcess() - CORE/src/Controller/Controller.php, line 491
Cake\Routing\Dispatcher::_invoke() - CORE/src/Routing/Dispatcher.php, line 109
Cake\Routing\Dispatcher::dispatch() - CORE/src/Routing/Dispatcher.php, line 87
[main] - ROOT/webroot/index.php, line 37



2016-02-14 14:33:27 Notice: Notice (8): Trying to get property of non-object in [/var/www/myblog/htdocs/src/Controller/AdminController.php, line 36]
Trace:
Cake\Error\BaseErrorHandler::handleError() - CORE/src/Error/BaseErrorHandler.php, line 147
App\Controller\AdminController::beforeFilter() - APP/Controller/AdminController.php, line 36
Cake\Event\EventManager::_callListener() - CORE/src/Event/EventManager.php, line 385
Cake\Event\EventManager::dispatch() - CORE/src/Event/EventManager.php, line 355
Cake\Controller\Controller::dispatchEvent() - CORE/src/Event/EventDispatcherTrait.php, line 78
Cake\Controller\Controller::startupProcess() - CORE/src/Controller/Controller.php, line 491
Cake\Routing\Dispatcher::_invoke() - CORE/src/Routing/Dispatcher.php, line 109
Cake\Routing\Dispatcher::dispatch() - CORE/src/Routing/Dispatcher.php, line 87
[main] - ROOT/webroot/index.php, line 37



2016-02-14 14:35:02 Notice: Notice (8): Trying to get property of non-object in [/var/www/myblog/htdocs/src/Controller/AdminController.php, line 38]
Trace:
Cake\Error\BaseErrorHandler::handleError() - CORE/src/Error/BaseErrorHandler.php, line 147
App\Controller\AdminController::beforeFilter() - APP/Controller/AdminController.php, line 38
Cake\Event\EventManager::_callListener() - CORE/src/Event/EventManager.php, line 385
Cake\Event\EventManager::dispatch() - CORE/src/Event/EventManager.php, line 355
Cake\Controller\Controller::dispatchEvent() - CORE/src/Event/EventDispatcherTrait.php, line 78
Cake\Controller\Controller::startupProcess() - CORE/src/Controller/Controller.php, line 491
Cake\Routing\Dispatcher::_invoke() - CORE/src/Routing/Dispatcher.php, line 109
Cake\Routing\Dispatcher::dispatch() - CORE/src/Routing/Dispatcher.php, line 87
[main] - ROOT/webroot/index.php, line 37



2016-02-14 14:35:09 Notice: Notice (8): Trying to get property of non-object in [/var/www/myblog/htdocs/src/Controller/AdminController.php, line 38]
Trace:
Cake\Error\BaseErrorHandler::handleError() - CORE/src/Error/BaseErrorHandler.php, line 147
App\Controller\AdminController::beforeFilter() - APP/Controller/AdminController.php, line 38
Cake\Event\EventManager::_callListener() - CORE/src/Event/EventManager.php, line 385
Cake\Event\EventManager::dispatch() - CORE/src/Event/EventManager.php, line 355
Cake\Controller\Controller::dispatchEvent() - CORE/src/Event/EventDispatcherTrait.php, line 78
Cake\Controller\Controller::startupProcess() - CORE/src/Controller/Controller.php, line 491
Cake\Routing\Dispatcher::_invoke() - CORE/src/Routing/Dispatcher.php, line 109
Cake\Routing\Dispatcher::dispatch() - CORE/src/Routing/Dispatcher.php, line 87
[main] - ROOT/webroot/index.php, line 37



2016-02-14 14:40:33 Notice: Notice (8): Trying to get property of non-object in [/var/www/myblog/htdocs/src/Controller/AdminController.php, line 39]
Trace:
Cake\Error\BaseErrorHandler::handleError() - CORE/src/Error/BaseErrorHandler.php, line 147
App\Controller\AdminController::beforeFilter() - APP/Controller/AdminController.php, line 39
Cake\Event\EventManager::_callListener() - CORE/src/Event/EventManager.php, line 385
Cake\Event\EventManager::dispatch() - CORE/src/Event/EventManager.php, line 355
Cake\Controller\Controller::dispatchEvent() - CORE/src/Event/EventDispatcherTrait.php, line 78
Cake\Controller\Controller::startupProcess() - CORE/src/Controller/Controller.php, line 491
Cake\Routing\Dispatcher::_invoke() - CORE/src/Routing/Dispatcher.php, line 109
Cake\Routing\Dispatcher::dispatch() - CORE/src/Routing/Dispatcher.php, line 87
[main] - ROOT/webroot/index.php, line 37



2016-02-14 14:40:34 Notice: Notice (8): Trying to get property of non-object in [/var/www/myblog/htdocs/src/Controller/AdminController.php, line 39]
Trace:
Cake\Error\BaseErrorHandler::handleError() - CORE/src/Error/BaseErrorHandler.php, line 147
App\Controller\AdminController::beforeFilter() - APP/Controller/AdminController.php, line 39
Cake\Event\EventManager::_callListener() - CORE/src/Event/EventManager.php, line 385
Cake\Event\EventManager::dispatch() - CORE/src/Event/EventManager.php, line 355
Cake\Controller\Controller::dispatchEvent() - CORE/src/Event/EventDispatcherTrait.php, line 78
Cake\Controller\Controller::startupProcess() - CORE/src/Controller/Controller.php, line 491
Cake\Routing\Dispatcher::_invoke() - CORE/src/Routing/Dispatcher.php, line 109
Cake\Routing\Dispatcher::dispatch() - CORE/src/Routing/Dispatcher.php, line 87
[main] - ROOT/webroot/index.php, line 37



2016-02-14 14:40:42 Notice: Notice (8): Trying to get property of non-object in [/var/www/myblog/htdocs/src/Controller/AdminController.php, line 39]
Trace:
Cake\Error\BaseErrorHandler::handleError() - CORE/src/Error/BaseErrorHandler.php, line 147
App\Controller\AdminController::beforeFilter() - APP/Controller/AdminController.php, line 39
Cake\Event\EventManager::_callListener() - CORE/src/Event/EventManager.php, line 385
Cake\Event\EventManager::dispatch() - CORE/src/Event/EventManager.php, line 355
Cake\Controller\Controller::dispatchEvent() - CORE/src/Event/EventDispatcherTrait.php, line 78
Cake\Controller\Controller::startupProcess() - CORE/src/Controller/Controller.php, line 491
Cake\Routing\Dispatcher::_invoke() - CORE/src/Routing/Dispatcher.php, line 109
Cake\Routing\Dispatcher::dispatch() - CORE/src/Routing/Dispatcher.php, line 87
[main] - ROOT/webroot/index.php, line 37



2016-02-14 14:41:44 Notice: Notice (8): Trying to get property of non-object in [/var/www/myblog/htdocs/src/Controller/AdminController.php, line 39]
Trace:
Cake\Error\BaseErrorHandler::handleError() - CORE/src/Error/BaseErrorHandler.php, line 147
App\Controller\AdminController::beforeFilter() - APP/Controller/AdminController.php, line 39
Cake\Event\EventManager::_callListener() - CORE/src/Event/EventManager.php, line 385
Cake\Event\EventManager::dispatch() - CORE/src/Event/EventManager.php, line 355
Cake\Controller\Controller::dispatchEvent() - CORE/src/Event/EventDispatcherTrait.php, line 78
Cake\Controller\Controller::startupProcess() - CORE/src/Controller/Controller.php, line 491
Cake\Routing\Dispatcher::_invoke() - CORE/src/Routing/Dispatcher.php, line 109
Cake\Routing\Dispatcher::dispatch() - CORE/src/Routing/Dispatcher.php, line 87
[main] - ROOT/webroot/index.php, line 37



2016-02-14 14:42:15 Notice: Notice (8): Trying to get property of non-object in [/var/www/myblog/htdocs/src/Controller/AdminController.php, line 39]
Trace:
Cake\Error\BaseErrorHandler::handleError() - CORE/src/Error/BaseErrorHandler.php, line 147
App\Controller\AdminController::beforeFilter() - APP/Controller/AdminController.php, line 39
Cake\Event\EventManager::_callListener() - CORE/src/Event/EventManager.php, line 385
Cake\Event\EventManager::dispatch() - CORE/src/Event/EventManager.php, line 355
Cake\Controller\Controller::dispatchEvent() - CORE/src/Event/EventDispatcherTrait.php, line 78
Cake\Controller\Controller::startupProcess() - CORE/src/Controller/Controller.php, line 491
Cake\Routing\Dispatcher::_invoke() - CORE/src/Routing/Dispatcher.php, line 109
Cake\Routing\Dispatcher::dispatch() - CORE/src/Routing/Dispatcher.php, line 87
[main] - ROOT/webroot/index.php, line 37



2016-02-14 14:42:15 Notice: Notice (8): Trying to get property of non-object in [/var/www/myblog/htdocs/src/Controller/AdminController.php, line 39]
Trace:
Cake\Error\BaseErrorHandler::handleError() - CORE/src/Error/BaseErrorHandler.php, line 147
App\Controller\AdminController::beforeFilter() - APP/Controller/AdminController.php, line 39
Cake\Event\EventManager::_callListener() - CORE/src/Event/EventManager.php, line 385
Cake\Event\EventManager::dispatch() - CORE/src/Event/EventManager.php, line 355
Cake\Controller\Controller::dispatchEvent() - CORE/src/Event/EventDispatcherTrait.php, line 78
Cake\Controller\Controller::startupProcess() - CORE/src/Controller/Controller.php, line 491
Cake\Routing\Dispatcher::_invoke() - CORE/src/Routing/Dispatcher.php, line 109
Cake\Routing\Dispatcher::dispatch() - CORE/src/Routing/Dispatcher.php, line 87
[main] - ROOT/webroot/index.php, line 37



2016-02-14 14:43:40 Notice: Notice (8): Trying to get property of non-object in [/var/www/myblog/htdocs/src/Controller/AdminController.php, line 39]
Trace:
Cake\Error\BaseErrorHandler::handleError() - CORE/src/Error/BaseErrorHandler.php, line 147
App\Controller\AdminController::beforeFilter() - APP/Controller/AdminController.php, line 39
Cake\Event\EventManager::_callListener() - CORE/src/Event/EventManager.php, line 385
Cake\Event\EventManager::dispatch() - CORE/src/Event/EventManager.php, line 355
Cake\Controller\Controller::dispatchEvent() - CORE/src/Event/EventDispatcherTrait.php, line 78
Cake\Controller\Controller::startupProcess() - CORE/src/Controller/Controller.php, line 491
Cake\Routing\Dispatcher::_invoke() - CORE/src/Routing/Dispatcher.php, line 109
Cake\Routing\Dispatcher::dispatch() - CORE/src/Routing/Dispatcher.php, line 87
[main] - ROOT/webroot/index.php, line 37



2016-02-14 14:43:40 Notice: Notice (8): Trying to get property of non-object in [/var/www/myblog/htdocs/src/Controller/AdminController.php, line 39]
Trace:
Cake\Error\BaseErrorHandler::handleError() - CORE/src/Error/BaseErrorHandler.php, line 147
App\Controller\AdminController::beforeFilter() - APP/Controller/AdminController.php, line 39
Cake\Event\EventManager::_callListener() - CORE/src/Event/EventManager.php, line 385
Cake\Event\EventManager::dispatch() - CORE/src/Event/EventManager.php, line 355
Cake\Controller\Controller::dispatchEvent() - CORE/src/Event/EventDispatcherTrait.php, line 78
Cake\Controller\Controller::startupProcess() - CORE/src/Controller/Controller.php, line 491
Cake\Routing\Dispatcher::_invoke() - CORE/src/Routing/Dispatcher.php, line 109
Cake\Routing\Dispatcher::dispatch() - CORE/src/Routing/Dispatcher.php, line 87
[main] - ROOT/webroot/index.php, line 37



2016-02-14 14:44:11 Notice: Notice (8): Trying to get property of non-object in [/var/www/myblog/htdocs/src/Controller/AdminController.php, line 39]
Trace:
Cake\Error\BaseErrorHandler::handleError() - CORE/src/Error/BaseErrorHandler.php, line 147
App\Controller\AdminController::beforeFilter() - APP/Controller/AdminController.php, line 39
Cake\Event\EventManager::_callListener() - CORE/src/Event/EventManager.php, line 385
Cake\Event\EventManager::dispatch() - CORE/src/Event/EventManager.php, line 355
Cake\Controller\Controller::dispatchEvent() - CORE/src/Event/EventDispatcherTrait.php, line 78
Cake\Controller\Controller::startupProcess() - CORE/src/Controller/Controller.php, line 491
Cake\Routing\Dispatcher::_invoke() - CORE/src/Routing/Dispatcher.php, line 109
Cake\Routing\Dispatcher::dispatch() - CORE/src/Routing/Dispatcher.php, line 87
[main] - ROOT/webroot/index.php, line 37



2016-02-14 14:44:11 Notice: Notice (8): Trying to get property of non-object in [/var/www/myblog/htdocs/src/Controller/AdminController.php, line 39]
Trace:
Cake\Error\BaseErrorHandler::handleError() - CORE/src/Error/BaseErrorHandler.php, line 147
App\Controller\AdminController::beforeFilter() - APP/Controller/AdminController.php, line 39
Cake\Event\EventManager::_callListener() - CORE/src/Event/EventManager.php, line 385
Cake\Event\EventManager::dispatch() - CORE/src/Event/EventManager.php, line 355
Cake\Controller\Controller::dispatchEvent() - CORE/src/Event/EventDispatcherTrait.php, line 78
Cake\Controller\Controller::startupProcess() - CORE/src/Controller/Controller.php, line 491
Cake\Routing\Dispatcher::_invoke() - CORE/src/Routing/Dispatcher.php, line 109
Cake\Routing\Dispatcher::dispatch() - CORE/src/Routing/Dispatcher.php, line 87
[main] - ROOT/webroot/index.php, line 37



2016-02-14 14:44:42 Notice: Notice (8): Trying to get property of non-object in [/var/www/myblog/htdocs/src/Controller/AdminController.php, line 39]
Trace:
Cake\Error\BaseErrorHandler::handleError() - CORE/src/Error/BaseErrorHandler.php, line 147
App\Controller\AdminController::beforeFilter() - APP/Controller/AdminController.php, line 39
Cake\Event\EventManager::_callListener() - CORE/src/Event/EventManager.php, line 385
Cake\Event\EventManager::dispatch() - CORE/src/Event/EventManager.php, line 355
Cake\Controller\Controller::dispatchEvent() - CORE/src/Event/EventDispatcherTrait.php, line 78
Cake\Controller\Controller::startupProcess() - CORE/src/Controller/Controller.php, line 491
Cake\Routing\Dispatcher::_invoke() - CORE/src/Routing/Dispatcher.php, line 109
Cake\Routing\Dispatcher::dispatch() - CORE/src/Routing/Dispatcher.php, line 87
[main] - ROOT/webroot/index.php, line 37



2016-02-14 14:44:42 Notice: Notice (8): Trying to get property of non-object in [/var/www/myblog/htdocs/src/Controller/AdminController.php, line 39]
Trace:
Cake\Error\BaseErrorHandler::handleError() - CORE/src/Error/BaseErrorHandler.php, line 147
App\Controller\AdminController::beforeFilter() - APP/Controller/AdminController.php, line 39
Cake\Event\EventManager::_callListener() - CORE/src/Event/EventManager.php, line 385
Cake\Event\EventManager::dispatch() - CORE/src/Event/EventManager.php, line 355
Cake\Controller\Controller::dispatchEvent() - CORE/src/Event/EventDispatcherTrait.php, line 78
Cake\Controller\Controller::startupProcess() - CORE/src/Controller/Controller.php, line 491
Cake\Routing\Dispatcher::_invoke() - CORE/src/Routing/Dispatcher.php, line 109
Cake\Routing\Dispatcher::dispatch() - CORE/src/Routing/Dispatcher.php, line 87
[main] - ROOT/webroot/index.php, line 37



2016-02-14 14:45:45 Notice: Notice (8): Trying to get property of non-object in [/var/www/myblog/htdocs/src/Controller/AdminController.php, line 39]
Trace:
Cake\Error\BaseErrorHandler::handleError() - CORE/src/Error/BaseErrorHandler.php, line 147
App\Controller\AdminController::beforeFilter() - APP/Controller/AdminController.php, line 39
Cake\Event\EventManager::_callListener() - CORE/src/Event/EventManager.php, line 385
Cake\Event\EventManager::dispatch() - CORE/src/Event/EventManager.php, line 355
Cake\Controller\Controller::dispatchEvent() - CORE/src/Event/EventDispatcherTrait.php, line 78
Cake\Controller\Controller::startupProcess() - CORE/src/Controller/Controller.php, line 491
Cake\Routing\Dispatcher::_invoke() - CORE/src/Routing/Dispatcher.php, line 109
Cake\Routing\Dispatcher::dispatch() - CORE/src/Routing/Dispatcher.php, line 87
[main] - ROOT/webroot/index.php, line 37



2016-02-14 14:46:00 Notice: Notice (8): Trying to get property of non-object in [/var/www/myblog/htdocs/src/Controller/AdminController.php, line 39]
Trace:
Cake\Error\BaseErrorHandler::handleError() - CORE/src/Error/BaseErrorHandler.php, line 147
App\Controller\AdminController::beforeFilter() - APP/Controller/AdminController.php, line 39
Cake\Event\EventManager::_callListener() - CORE/src/Event/EventManager.php, line 385
Cake\Event\EventManager::dispatch() - CORE/src/Event/EventManager.php, line 355
Cake\Controller\Controller::dispatchEvent() - CORE/src/Event/EventDispatcherTrait.php, line 78
Cake\Controller\Controller::startupProcess() - CORE/src/Controller/Controller.php, line 491
Cake\Routing\Dispatcher::_invoke() - CORE/src/Routing/Dispatcher.php, line 109
Cake\Routing\Dispatcher::dispatch() - CORE/src/Routing/Dispatcher.php, line 87
[main] - ROOT/webroot/index.php, line 37



2016-02-14 14:47:33 Notice: Notice (8): Trying to get property of non-object in [/var/www/myblog/htdocs/src/Controller/AdminController.php, line 99]
Trace:
Cake\Error\BaseErrorHandler::handleError() - CORE/src/Error/BaseErrorHandler.php, line 147
App\Controller\AdminController::login() - APP/Controller/AdminController.php, line 99
Cake\Controller\Controller::invokeAction() - CORE/src/Controller/Controller.php, line 429
Cake\Routing\Dispatcher::_invoke() - CORE/src/Routing/Dispatcher.php, line 114
Cake\Routing\Dispatcher::dispatch() - CORE/src/Routing/Dispatcher.php, line 87
[main] - ROOT/webroot/index.php, line 37



2016-02-14 14:47:47 Notice: Notice (8): Trying to get property of non-object in [/var/www/myblog/htdocs/src/Controller/AdminController.php, line 42]
Trace:
Cake\Error\BaseErrorHandler::handleError() - CORE/src/Error/BaseErrorHandler.php, line 147
App\Controller\AdminController::beforeFilter() - APP/Controller/AdminController.php, line 42
Cake\Event\EventManager::_callListener() - CORE/src/Event/EventManager.php, line 385
Cake\Event\EventManager::dispatch() - CORE/src/Event/EventManager.php, line 355
Cake\Controller\Controller::dispatchEvent() - CORE/src/Event/EventDispatcherTrait.php, line 78
Cake\Controller\Controller::startupProcess() - CORE/src/Controller/Controller.php, line 491
Cake\Routing\Dispatcher::_invoke() - CORE/src/Routing/Dispatcher.php, line 109
Cake\Routing\Dispatcher::dispatch() - CORE/src/Routing/Dispatcher.php, line 87
[main] - ROOT/webroot/index.php, line 37



2016-02-14 14:47:59 Notice: Notice (8): Trying to get property of non-object in [/var/www/myblog/htdocs/src/Controller/AdminController.php, line 42]
Trace:
Cake\Error\BaseErrorHandler::handleError() - CORE/src/Error/BaseErrorHandler.php, line 147
App\Controller\AdminController::beforeFilter() - APP/Controller/AdminController.php, line 42
Cake\Event\EventManager::_callListener() - CORE/src/Event/EventManager.php, line 385
Cake\Event\EventManager::dispatch() - CORE/src/Event/EventManager.php, line 355
Cake\Controller\Controller::dispatchEvent() - CORE/src/Event/EventDispatcherTrait.php, line 78
Cake\Controller\Controller::startupProcess() - CORE/src/Controller/Controller.php, line 491
Cake\Routing\Dispatcher::_invoke() - CORE/src/Routing/Dispatcher.php, line 109
Cake\Routing\Dispatcher::dispatch() - CORE/src/Routing/Dispatcher.php, line 87
[main] - ROOT/webroot/index.php, line 37



2016-02-14 14:48:07 Notice: Notice (8): Trying to get property of non-object in [/var/www/myblog/htdocs/src/Controller/AdminController.php, line 99]
Trace:
Cake\Error\BaseErrorHandler::handleError() - CORE/src/Error/BaseErrorHandler.php, line 147
App\Controller\AdminController::login() - APP/Controller/AdminController.php, line 99
Cake\Controller\Controller::invokeAction() - CORE/src/Controller/Controller.php, line 429
Cake\Routing\Dispatcher::_invoke() - CORE/src/Routing/Dispatcher.php, line 114
Cake\Routing\Dispatcher::dispatch() - CORE/src/Routing/Dispatcher.php, line 87
[main] - ROOT/webroot/index.php, line 37



2016-02-14 14:48:13 Notice: Notice (8): Trying to get property of non-object in [/var/www/myblog/htdocs/src/Controller/AdminController.php, line 42]
Trace:
Cake\Error\BaseErrorHandler::handleError() - CORE/src/Error/BaseErrorHandler.php, line 147
App\Controller\AdminController::beforeFilter() - APP/Controller/AdminController.php, line 42
Cake\Event\EventManager::_callListener() - CORE/src/Event/EventManager.php, line 385
Cake\Event\EventManager::dispatch() - CORE/src/Event/EventManager.php, line 355
Cake\Controller\Controller::dispatchEvent() - CORE/src/Event/EventDispatcherTrait.php, line 78
Cake\Controller\Controller::startupProcess() - CORE/src/Controller/Controller.php, line 491
Cake\Routing\Dispatcher::_invoke() - CORE/src/Routing/Dispatcher.php, line 109
Cake\Routing\Dispatcher::dispatch() - CORE/src/Routing/Dispatcher.php, line 87
[main] - ROOT/webroot/index.php, line 37



2016-02-14 14:48:44 Notice: Notice (8): Trying to get property of non-object in [/var/www/myblog/htdocs/src/Controller/AdminController.php, line 42]
Trace:
Cake\Error\BaseErrorHandler::handleError() - CORE/src/Error/BaseErrorHandler.php, line 147
App\Controller\AdminController::beforeFilter() - APP/Controller/AdminController.php, line 42
Cake\Event\EventManager::_callListener() - CORE/src/Event/EventManager.php, line 385
Cake\Event\EventManager::dispatch() - CORE/src/Event/EventManager.php, line 355
Cake\Controller\Controller::dispatchEvent() - CORE/src/Event/EventDispatcherTrait.php, line 78
Cake\Controller\Controller::startupProcess() - CORE/src/Controller/Controller.php, line 491
Cake\Routing\Dispatcher::_invoke() - CORE/src/Routing/Dispatcher.php, line 109
Cake\Routing\Dispatcher::dispatch() - CORE/src/Routing/Dispatcher.php, line 87
[main] - ROOT/webroot/index.php, line 37



2016-02-14 14:48:44 Notice: Notice (8): Trying to get property of non-object in [/var/www/myblog/htdocs/src/Controller/AdminController.php, line 47]
Trace:
Cake\Error\BaseErrorHandler::handleError() - CORE/src/Error/BaseErrorHandler.php, line 147
App\Controller\AdminController::beforeFilter() - APP/Controller/AdminController.php, line 47
Cake\Event\EventManager::_callListener() - CORE/src/Event/EventManager.php, line 385
Cake\Event\EventManager::dispatch() - CORE/src/Event/EventManager.php, line 355
Cake\Controller\Controller::dispatchEvent() - CORE/src/Event/EventDispatcherTrait.php, line 78
Cake\Controller\Controller::startupProcess() - CORE/src/Controller/Controller.php, line 491
Cake\Routing\Dispatcher::_invoke() - CORE/src/Routing/Dispatcher.php, line 109
Cake\Routing\Dispatcher::dispatch() - CORE/src/Routing/Dispatcher.php, line 87
[main] - ROOT/webroot/index.php, line 37



2016-02-14 14:49:09 Notice: Notice (8): Trying to get property of non-object in [/var/www/myblog/htdocs/src/Controller/AdminController.php, line 42]
Trace:
Cake\Error\BaseErrorHandler::handleError() - CORE/src/Error/BaseErrorHandler.php, line 147
App\Controller\AdminController::beforeFilter() - APP/Controller/AdminController.php, line 42
Cake\Event\EventManager::_callListener() - CORE/src/Event/EventManager.php, line 385
Cake\Event\EventManager::dispatch() - CORE/src/Event/EventManager.php, line 355
Cake\Controller\Controller::dispatchEvent() - CORE/src/Event/EventDispatcherTrait.php, line 78
Cake\Controller\Controller::startupProcess() - CORE/src/Controller/Controller.php, line 491
Cake\Routing\Dispatcher::_invoke() - CORE/src/Routing/Dispatcher.php, line 109
Cake\Routing\Dispatcher::dispatch() - CORE/src/Routing/Dispatcher.php, line 87
[main] - ROOT/webroot/index.php, line 37



2016-02-14 14:49:09 Notice: Notice (8): Trying to get property of non-object in [/var/www/myblog/htdocs/src/Controller/AdminController.php, line 47]
Trace:
Cake\Error\BaseErrorHandler::handleError() - CORE/src/Error/BaseErrorHandler.php, line 147
App\Controller\AdminController::beforeFilter() - APP/Controller/AdminController.php, line 47
Cake\Event\EventManager::_callListener() - CORE/src/Event/EventManager.php, line 385
Cake\Event\EventManager::dispatch() - CORE/src/Event/EventManager.php, line 355
Cake\Controller\Controller::dispatchEvent() - CORE/src/Event/EventDispatcherTrait.php, line 78
Cake\Controller\Controller::startupProcess() - CORE/src/Controller/Controller.php, line 491
Cake\Routing\Dispatcher::_invoke() - CORE/src/Routing/Dispatcher.php, line 109
Cake\Routing\Dispatcher::dispatch() - CORE/src/Routing/Dispatcher.php, line 87
[main] - ROOT/webroot/index.php, line 37



2016-02-14 14:49:23 Notice: Notice (8): Trying to get property of non-object in [/var/www/myblog/htdocs/src/Controller/AdminController.php, line 42]
Trace:
Cake\Error\BaseErrorHandler::handleError() - CORE/src/Error/BaseErrorHandler.php, line 147
App\Controller\AdminController::beforeFilter() - APP/Controller/AdminController.php, line 42
Cake\Event\EventManager::_callListener() - CORE/src/Event/EventManager.php, line 385
Cake\Event\EventManager::dispatch() - CORE/src/Event/EventManager.php, line 355
Cake\Controller\Controller::dispatchEvent() - CORE/src/Event/EventDispatcherTrait.php, line 78
Cake\Controller\Controller::startupProcess() - CORE/src/Controller/Controller.php, line 491
Cake\Routing\Dispatcher::_invoke() - CORE/src/Routing/Dispatcher.php, line 109
Cake\Routing\Dispatcher::dispatch() - CORE/src/Routing/Dispatcher.php, line 87
[main] - ROOT/webroot/index.php, line 37



2016-02-14 14:49:23 Notice: Notice (8): Trying to get property of non-object in [/var/www/myblog/htdocs/src/Controller/AdminController.php, line 47]
Trace:
Cake\Error\BaseErrorHandler::handleError() - CORE/src/Error/BaseErrorHandler.php, line 147
App\Controller\AdminController::beforeFilter() - APP/Controller/AdminController.php, line 47
Cake\Event\EventManager::_callListener() - CORE/src/Event/EventManager.php, line 385
Cake\Event\EventManager::dispatch() - CORE/src/Event/EventManager.php, line 355
Cake\Controller\Controller::dispatchEvent() - CORE/src/Event/EventDispatcherTrait.php, line 78
Cake\Controller\Controller::startupProcess() - CORE/src/Controller/Controller.php, line 491
Cake\Routing\Dispatcher::_invoke() - CORE/src/Routing/Dispatcher.php, line 109
Cake\Routing\Dispatcher::dispatch() - CORE/src/Routing/Dispatcher.php, line 87
[main] - ROOT/webroot/index.php, line 37



2016-02-14 14:50:05 Notice: Notice (8): Trying to get property of non-object in [/var/www/myblog/htdocs/src/Controller/AdminController.php, line 99]
Trace:
Cake\Error\BaseErrorHandler::handleError() - CORE/src/Error/BaseErrorHandler.php, line 147
App\Controller\AdminController::login() - APP/Controller/AdminController.php, line 99
Cake\Controller\Controller::invokeAction() - CORE/src/Controller/Controller.php, line 429
Cake\Routing\Dispatcher::_invoke() - CORE/src/Routing/Dispatcher.php, line 114
Cake\Routing\Dispatcher::dispatch() - CORE/src/Routing/Dispatcher.php, line 87
[main] - ROOT/webroot/index.php, line 37



2016-02-14 14:50:52 Notice: Notice (8): Trying to get property of non-object in [/var/www/myblog/htdocs/src/Controller/AdminController.php, line 99]
Trace:
Cake\Error\BaseErrorHandler::handleError() - CORE/src/Error/BaseErrorHandler.php, line 147
App\Controller\AdminController::login() - APP/Controller/AdminController.php, line 99
Cake\Controller\Controller::invokeAction() - CORE/src/Controller/Controller.php, line 429
Cake\Routing\Dispatcher::_invoke() - CORE/src/Routing/Dispatcher.php, line 114
Cake\Routing\Dispatcher::dispatch() - CORE/src/Routing/Dispatcher.php, line 87
[main] - ROOT/webroot/index.php, line 37



2016-02-14 15:33:05 Notice: Notice (8): Undefined variable: user in [/var/www/myblog/htdocs/src/Controller/AdminController.php, line 39]
Trace:
Cake\Error\BaseErrorHandler::handleError() - CORE/src/Error/BaseErrorHandler.php, line 147
App\Controller\AdminController::beforeFilter() - APP/Controller/AdminController.php, line 39
Cake\Event\EventManager::_callListener() - CORE/src/Event/EventManager.php, line 385
Cake\Event\EventManager::dispatch() - CORE/src/Event/EventManager.php, line 355
Cake\Controller\Controller::dispatchEvent() - CORE/src/Event/EventDispatcherTrait.php, line 78
Cake\Controller\Controller::startupProcess() - CORE/src/Controller/Controller.php, line 491
Cake\Routing\Dispatcher::_invoke() - CORE/src/Routing/Dispatcher.php, line 109
Cake\Routing\Dispatcher::dispatch() - CORE/src/Routing/Dispatcher.php, line 87
[main] - ROOT/webroot/index.php, line 37



2016-02-14 15:33:05 Notice: Notice (8): Undefined variable: current_user in [/var/www/myblog/htdocs/src/Template/Layout/admin.ctp, line 54]
Trace:
Cake\Error\BaseErrorHandler::handleError() - CORE/src/Error/BaseErrorHandler.php, line 147
include - APP/Template/Layout/admin.ctp, line 54
Cake\View\View::_evaluate() - CORE/src/View/View.php, line 992
Cake\View\View::_render() - CORE/src/View/View.php, line 952
Cake\View\View::renderLayout() - CORE/src/View/View.php, line 633
Cake\View\View::render() - CORE/src/View/View.php, line 592
Cake\Controller\Controller::render() - CORE/src/Controller/Controller.php, line 611
App\Controller\AdminController::users() - APP/Controller/AdminController.php, line 80
Cake\Controller\Controller::invokeAction() - CORE/src/Controller/Controller.php, line 429
Cake\Routing\Dispatcher::_invoke() - CORE/src/Routing/Dispatcher.php, line 114
Cake\Routing\Dispatcher::dispatch() - CORE/src/Routing/Dispatcher.php, line 87
[main] - ROOT/webroot/index.php, line 37



2016-02-14 15:33:05 Notice: Notice (8): Undefined variable: current_user in [/var/www/myblog/htdocs/src/Template/Layout/admin.ctp, line 54]
Trace:
Cake\Error\BaseErrorHandler::handleError() - CORE/src/Error/BaseErrorHandler.php, line 147
include - APP/Template/Layout/admin.ctp, line 54
Cake\View\View::_evaluate() - CORE/src/View/View.php, line 992
Cake\View\View::_render() - CORE/src/View/View.php, line 952
Cake\View\View::renderLayout() - CORE/src/View/View.php, line 633
Cake\View\View::render() - CORE/src/View/View.php, line 592
Cake\Controller\Controller::render() - CORE/src/Controller/Controller.php, line 611
App\Controller\AdminController::users() - APP/Controller/AdminController.php, line 80
Cake\Controller\Controller::invokeAction() - CORE/src/Controller/Controller.php, line 429
Cake\Routing\Dispatcher::_invoke() - CORE/src/Routing/Dispatcher.php, line 114
Cake\Routing\Dispatcher::dispatch() - CORE/src/Routing/Dispatcher.php, line 87
[main] - ROOT/webroot/index.php, line 37



2016-02-14 15:33:23 Notice: Notice (8): Undefined variable: user in [/var/www/myblog/htdocs/src/Controller/AdminController.php, line 39]
Trace:
Cake\Error\BaseErrorHandler::handleError() - CORE/src/Error/BaseErrorHandler.php, line 147
App\Controller\AdminController::beforeFilter() - APP/Controller/AdminController.php, line 39
Cake\Event\EventManager::_callListener() - CORE/src/Event/EventManager.php, line 385
Cake\Event\EventManager::dispatch() - CORE/src/Event/EventManager.php, line 355
Cake\Controller\Controller::dispatchEvent() - CORE/src/Event/EventDispatcherTrait.php, line 78
Cake\Controller\Controller::startupProcess() - CORE/src/Controller/Controller.php, line 491
Cake\Routing\Dispatcher::_invoke() - CORE/src/Routing/Dispatcher.php, line 109
Cake\Routing\Dispatcher::dispatch() - CORE/src/Routing/Dispatcher.php, line 87
[main] - ROOT/webroot/index.php, line 37



2016-02-14 15:33:23 Notice: Notice (8): Undefined variable: current_user in [/var/www/myblog/htdocs/src/Template/Layout/admin.ctp, line 54]
Trace:
Cake\Error\BaseErrorHandler::handleError() - CORE/src/Error/BaseErrorHandler.php, line 147
include - APP/Template/Layout/admin.ctp, line 54
Cake\View\View::_evaluate() - CORE/src/View/View.php, line 992
Cake\View\View::_render() - CORE/src/View/View.php, line 952
Cake\View\View::renderLayout() - CORE/src/View/View.php, line 633
Cake\View\View::render() - CORE/src/View/View.php, line 592
Cake\Controller\Controller::render() - CORE/src/Controller/Controller.php, line 611
App\Controller\AdminController::users() - APP/Controller/AdminController.php, line 80
Cake\Controller\Controller::invokeAction() - CORE/src/Controller/Controller.php, line 429
Cake\Routing\Dispatcher::_invoke() - CORE/src/Routing/Dispatcher.php, line 114
Cake\Routing\Dispatcher::dispatch() - CORE/src/Routing/Dispatcher.php, line 87
[main] - ROOT/webroot/index.php, line 37



2016-02-14 15:33:23 Notice: Notice (8): Undefined variable: current_user in [/var/www/myblog/htdocs/src/Template/Layout/admin.ctp, line 54]
Trace:
Cake\Error\BaseErrorHandler::handleError() - CORE/src/Error/BaseErrorHandler.php, line 147
include - APP/Template/Layout/admin.ctp, line 54
Cake\View\View::_evaluate() - CORE/src/View/View.php, line 992
Cake\View\View::_render() - CORE/src/View/View.php, line 952
Cake\View\View::renderLayout() - CORE/src/View/View.php, line 633
Cake\View\View::render() - CORE/src/View/View.php, line 592
Cake\Controller\Controller::render() - CORE/src/Controller/Controller.php, line 611
App\Controller\AdminController::users() - APP/Controller/AdminController.php, line 80
Cake\Controller\Controller::invokeAction() - CORE/src/Controller/Controller.php, line 429
Cake\Routing\Dispatcher::_invoke() - CORE/src/Routing/Dispatcher.php, line 114
Cake\Routing\Dispatcher::dispatch() - CORE/src/Routing/Dispatcher.php, line 87
[main] - ROOT/webroot/index.php, line 37



2016-02-14 15:33:23 Notice: Notice (8): Undefined variable: user in [/var/www/myblog/htdocs/src/Controller/AdminController.php, line 39]
Trace:
Cake\Error\BaseErrorHandler::handleError() - CORE/src/Error/BaseErrorHandler.php, line 147
App\Controller\AdminController::beforeFilter() - APP/Controller/AdminController.php, line 39
Cake\Event\EventManager::_callListener() - CORE/src/Event/EventManager.php, line 385
Cake\Event\EventManager::dispatch() - CORE/src/Event/EventManager.php, line 355
Cake\Controller\Controller::dispatchEvent() - CORE/src/Event/EventDispatcherTrait.php, line 78
Cake\Controller\Controller::startupProcess() - CORE/src/Controller/Controller.php, line 491
Cake\Routing\Dispatcher::_invoke() - CORE/src/Routing/Dispatcher.php, line 109
Cake\Routing\Dispatcher::dispatch() - CORE/src/Routing/Dispatcher.php, line 87
[main] - ROOT/webroot/index.php, line 37



2016-02-14 15:33:23 Notice: Notice (8): Undefined variable: current_user in [/var/www/myblog/htdocs/src/Template/Layout/admin.ctp, line 54]
Trace:
Cake\Error\BaseErrorHandler::handleError() - CORE/src/Error/BaseErrorHandler.php, line 147
include - APP/Template/Layout/admin.ctp, line 54
Cake\View\View::_evaluate() - CORE/src/View/View.php, line 992
Cake\View\View::_render() - CORE/src/View/View.php, line 952
Cake\View\View::renderLayout() - CORE/src/View/View.php, line 633
Cake\View\View::render() - CORE/src/View/View.php, line 592
Cake\Controller\Controller::render() - CORE/src/Controller/Controller.php, line 611
App\Controller\AdminController::users() - APP/Controller/AdminController.php, line 80
Cake\Controller\Controller::invokeAction() - CORE/src/Controller/Controller.php, line 429
Cake\Routing\Dispatcher::_invoke() - CORE/src/Routing/Dispatcher.php, line 114
Cake\Routing\Dispatcher::dispatch() - CORE/src/Routing/Dispatcher.php, line 87
[main] - ROOT/webroot/index.php, line 37



2016-02-14 15:33:23 Notice: Notice (8): Undefined variable: current_user in [/var/www/myblog/htdocs/src/Template/Layout/admin.ctp, line 54]
Trace:
Cake\Error\BaseErrorHandler::handleError() - CORE/src/Error/BaseErrorHandler.php, line 147
include - APP/Template/Layout/admin.ctp, line 54
Cake\View\View::_evaluate() - CORE/src/View/View.php, line 992
Cake\View\View::_render() - CORE/src/View/View.php, line 952
Cake\View\View::renderLayout() - CORE/src/View/View.php, line 633
Cake\View\View::render() - CORE/src/View/View.php, line 592
Cake\Controller\Controller::render() - CORE/src/Controller/Controller.php, line 611
App\Controller\AdminController::users() - APP/Controller/AdminController.php, line 80
Cake\Controller\Controller::invokeAction() - CORE/src/Controller/Controller.php, line 429
Cake\Routing\Dispatcher::_invoke() - CORE/src/Routing/Dispatcher.php, line 114
Cake\Routing\Dispatcher::dispatch() - CORE/src/Routing/Dispatcher.php, line 87
[main] - ROOT/webroot/index.php, line 37



2016-02-14 15:34:34 Notice: Notice (8): Undefined index: upload_foto in [/var/www/myblog/htdocs/src/Controller/AdminController.php, line 70]
Trace:
Cake\Error\BaseErrorHandler::handleError() - CORE/src/Error/BaseErrorHandler.php, line 147
App\Controller\AdminController::users() - APP/Controller/AdminController.php, line 70
Cake\Controller\Controller::invokeAction() - CORE/src/Controller/Controller.php, line 429
Cake\Routing\Dispatcher::_invoke() - CORE/src/Routing/Dispatcher.php, line 114
Cake\Routing\Dispatcher::dispatch() - CORE/src/Routing/Dispatcher.php, line 87
[main] - ROOT/webroot/index.php, line 37



2016-02-14 15:35:32 Notice: Notice (8): Undefined variable: users in [/var/www/myblog/htdocs/src/Template/Admin/users.ctp, line 17]
Trace:
Cake\Error\BaseErrorHandler::handleError() - CORE/src/Error/BaseErrorHandler.php, line 147
include - APP/Template/Admin/users.ctp, line 17
Cake\View\View::_evaluate() - CORE/src/View/View.php, line 992
Cake\View\View::_render() - CORE/src/View/View.php, line 952
Cake\View\View::render() - CORE/src/View/View.php, line 587
Cake\Controller\Controller::render() - CORE/src/Controller/Controller.php, line 611
Cake\Routing\Dispatcher::_invoke() - CORE/src/Routing/Dispatcher.php, line 120
Cake\Routing\Dispatcher::dispatch() - CORE/src/Routing/Dispatcher.php, line 87
[main] - ROOT/webroot/index.php, line 37



2016-02-14 15:37:47 Notice: Notice (8): Undefined index: upload_foto in [/var/www/myblog/htdocs/src/Controller/AdminController.php, line 70]
Trace:
Cake\Error\BaseErrorHandler::handleError() - CORE/src/Error/BaseErrorHandler.php, line 147
App\Controller\AdminController::users() - APP/Controller/AdminController.php, line 70
Cake\Controller\Controller::invokeAction() - CORE/src/Controller/Controller.php, line 429
Cake\Routing\Dispatcher::_invoke() - CORE/src/Routing/Dispatcher.php, line 114
Cake\Routing\Dispatcher::dispatch() - CORE/src/Routing/Dispatcher.php, line 87
[main] - ROOT/webroot/index.php, line 37



2016-02-14 16:05:33 Notice: Notice (8): Undefined variable: users in [/var/www/myblog/htdocs/src/Template/Admin/users.ctp, line 17]
Trace:
Cake\Error\BaseErrorHandler::handleError() - CORE/src/Error/BaseErrorHandler.php, line 147
include - APP/Template/Admin/users.ctp, line 17
Cake\View\View::_evaluate() - CORE/src/View/View.php, line 992
Cake\View\View::_render() - CORE/src/View/View.php, line 952
Cake\View\View::render() - CORE/src/View/View.php, line 587
Cake\Controller\Controller::render() - CORE/src/Controller/Controller.php, line 611
Cake\Routing\Dispatcher::_invoke() - CORE/src/Routing/Dispatcher.php, line 120
Cake\Routing\Dispatcher::dispatch() - CORE/src/Routing/Dispatcher.php, line 87
[main] - ROOT/webroot/index.php, line 37



2016-03-07 08:42:35 Notice: Notice (8): Undefined variable: current_user in [/home/yaroslav/www/myblog/htdocs/src/Template/Layout/admin.ctp, line 54]
Trace:
Cake\Error\BaseErrorHandler::handleError() - CORE/src/Error/BaseErrorHandler.php, line 147
include - APP/Template/Layout/admin.ctp, line 54
Cake\View\View::_evaluate() - CORE/src/View/View.php, line 992
Cake\View\View::_render() - CORE/src/View/View.php, line 952
Cake\View\View::renderLayout() - CORE/src/View/View.php, line 633
Cake\View\View::render() - CORE/src/View/View.php, line 592
Cake\Controller\Controller::render() - CORE/src/Controller/Controller.php, line 611
App\Controller\AdminController::users() - APP/Controller/AdminController.php, line 61
Cake\Controller\Controller::invokeAction() - CORE/src/Controller/Controller.php, line 429
Cake\Routing\Dispatcher::_invoke() - CORE/src/Routing/Dispatcher.php, line 114
Cake\Routing\Dispatcher::dispatch() - CORE/src/Routing/Dispatcher.php, line 87
[main] - ROOT/webroot/index.php, line 37



2016-03-07 08:42:35 Notice: Notice (8): Undefined variable: current_user in [/home/yaroslav/www/myblog/htdocs/src/Template/Layout/admin.ctp, line 54]
Trace:
Cake\Error\BaseErrorHandler::handleError() - CORE/src/Error/BaseErrorHandler.php, line 147
include - APP/Template/Layout/admin.ctp, line 54
Cake\View\View::_evaluate() - CORE/src/View/View.php, line 992
Cake\View\View::_render() - CORE/src/View/View.php, line 952
Cake\View\View::renderLayout() - CORE/src/View/View.php, line 633
Cake\View\View::render() - CORE/src/View/View.php, line 592
Cake\Controller\Controller::render() - CORE/src/Controller/Controller.php, line 611
App\Controller\AdminController::users() - APP/Controller/AdminController.php, line 61
Cake\Controller\Controller::invokeAction() - CORE/src/Controller/Controller.php, line 429
Cake\Routing\Dispatcher::_invoke() - CORE/src/Routing/Dispatcher.php, line 114
Cake\Routing\Dispatcher::dispatch() - CORE/src/Routing/Dispatcher.php, line 87
[main] - ROOT/webroot/index.php, line 37



2016-03-07 08:42:49 Notice: Notice (8): Undefined variable: current_user in [/home/yaroslav/www/myblog/htdocs/src/Template/Layout/admin.ctp, line 54]
Trace:
Cake\Error\BaseErrorHandler::handleError() - CORE/src/Error/BaseErrorHandler.php, line 147
include - APP/Template/Layout/admin.ctp, line 54
Cake\View\View::_evaluate() - CORE/src/View/View.php, line 992
Cake\View\View::_render() - CORE/src/View/View.php, line 952
Cake\View\View::renderLayout() - CORE/src/View/View.php, line 633
Cake\View\View::render() - CORE/src/View/View.php, line 592
Cake\Controller\Controller::render() - CORE/src/Controller/Controller.php, line 611
App\Controller\AdminController::users() - APP/Controller/AdminController.php, line 99
Cake\Controller\Controller::invokeAction() - CORE/src/Controller/Controller.php, line 429
Cake\Routing\Dispatcher::_invoke() - CORE/src/Routing/Dispatcher.php, line 114
Cake\Routing\Dispatcher::dispatch() - CORE/src/Routing/Dispatcher.php, line 87
[main] - ROOT/webroot/index.php, line 37



2016-03-07 08:42:49 Notice: Notice (8): Undefined variable: current_user in [/home/yaroslav/www/myblog/htdocs/src/Template/Layout/admin.ctp, line 54]
Trace:
Cake\Error\BaseErrorHandler::handleError() - CORE/src/Error/BaseErrorHandler.php, line 147
include - APP/Template/Layout/admin.ctp, line 54
Cake\View\View::_evaluate() - CORE/src/View/View.php, line 992
Cake\View\View::_render() - CORE/src/View/View.php, line 952
Cake\View\View::renderLayout() - CORE/src/View/View.php, line 633
Cake\View\View::render() - CORE/src/View/View.php, line 592
Cake\Controller\Controller::render() - CORE/src/Controller/Controller.php, line 611
App\Controller\AdminController::users() - APP/Controller/AdminController.php, line 99
Cake\Controller\Controller::invokeAction() - CORE/src/Controller/Controller.php, line 429
Cake\Routing\Dispatcher::_invoke() - CORE/src/Routing/Dispatcher.php, line 114
Cake\Routing\Dispatcher::dispatch() - CORE/src/Routing/Dispatcher.php, line 87
[main] - ROOT/webroot/index.php, line 37



2016-03-07 08:43:06 Notice: Notice (8): Undefined variable: current_user in [/home/yaroslav/www/myblog/htdocs/src/Template/Layout/admin.ctp, line 54]
Trace:
Cake\Error\BaseErrorHandler::handleError() - CORE/src/Error/BaseErrorHandler.php, line 147
include - APP/Template/Layout/admin.ctp, line 54
Cake\View\View::_evaluate() - CORE/src/View/View.php, line 992
Cake\View\View::_render() - CORE/src/View/View.php, line 952
Cake\View\View::renderLayout() - CORE/src/View/View.php, line 633
Cake\View\View::render() - CORE/src/View/View.php, line 592
Cake\Controller\Controller::render() - CORE/src/Controller/Controller.php, line 611
App\Controller\AdminController::users() - APP/Controller/AdminController.php, line 79
Cake\Controller\Controller::invokeAction() - CORE/src/Controller/Controller.php, line 429
Cake\Routing\Dispatcher::_invoke() - CORE/src/Routing/Dispatcher.php, line 114
Cake\Routing\Dispatcher::dispatch() - CORE/src/Routing/Dispatcher.php, line 87
[main] - ROOT/webroot/index.php, line 37



2016-03-07 08:43:06 Notice: Notice (8): Undefined variable: current_user in [/home/yaroslav/www/myblog/htdocs/src/Template/Layout/admin.ctp, line 54]
Trace:
Cake\Error\BaseErrorHandler::handleError() - CORE/src/Error/BaseErrorHandler.php, line 147
include - APP/Template/Layout/admin.ctp, line 54
Cake\View\View::_evaluate() - CORE/src/View/View.php, line 992
Cake\View\View::_render() - CORE/src/View/View.php, line 952
Cake\View\View::renderLayout() - CORE/src/View/View.php, line 633
Cake\View\View::render() - CORE/src/View/View.php, line 592
Cake\Controller\Controller::render() - CORE/src/Controller/Controller.php, line 611
App\Controller\AdminController::users() - APP/Controller/AdminController.php, line 79
Cake\Controller\Controller::invokeAction() - CORE/src/Controller/Controller.php, line 429
Cake\Routing\Dispatcher::_invoke() - CORE/src/Routing/Dispatcher.php, line 114
Cake\Routing\Dispatcher::dispatch() - CORE/src/Routing/Dispatcher.php, line 87
[main] - ROOT/webroot/index.php, line 37



2016-03-07 08:43:14 Notice: Notice (8): Undefined variable: current_user in [/home/yaroslav/www/myblog/htdocs/src/Template/Layout/admin.ctp, line 54]
Trace:
Cake\Error\BaseErrorHandler::handleError() - CORE/src/Error/BaseErrorHandler.php, line 147
include - APP/Template/Layout/admin.ctp, line 54
Cake\View\View::_evaluate() - CORE/src/View/View.php, line 992
Cake\View\View::_render() - CORE/src/View/View.php, line 952
Cake\View\View::renderLayout() - CORE/src/View/View.php, line 633
Cake\View\View::render() - CORE/src/View/View.php, line 592
Cake\Controller\Controller::render() - CORE/src/Controller/Controller.php, line 611
App\Controller\AdminController::users() - APP/Controller/AdminController.php, line 79
Cake\Controller\Controller::invokeAction() - CORE/src/Controller/Controller.php, line 429
Cake\Routing\Dispatcher::_invoke() - CORE/src/Routing/Dispatcher.php, line 114
Cake\Routing\Dispatcher::dispatch() - CORE/src/Routing/Dispatcher.php, line 87
[main] - ROOT/webroot/index.php, line 37



2016-03-07 08:43:14 Notice: Notice (8): Undefined variable: current_user in [/home/yaroslav/www/myblog/htdocs/src/Template/Layout/admin.ctp, line 54]
Trace:
Cake\Error\BaseErrorHandler::handleError() - CORE/src/Error/BaseErrorHandler.php, line 147
include - APP/Template/Layout/admin.ctp, line 54
Cake\View\View::_evaluate() - CORE/src/View/View.php, line 992
Cake\View\View::_render() - CORE/src/View/View.php, line 952
Cake\View\View::renderLayout() - CORE/src/View/View.php, line 633
Cake\View\View::render() - CORE/src/View/View.php, line 592
Cake\Controller\Controller::render() - CORE/src/Controller/Controller.php, line 611
App\Controller\AdminController::users() - APP/Controller/AdminController.php, line 79
Cake\Controller\Controller::invokeAction() - CORE/src/Controller/Controller.php, line 429
Cake\Routing\Dispatcher::_invoke() - CORE/src/Routing/Dispatcher.php, line 114
Cake\Routing\Dispatcher::dispatch() - CORE/src/Routing/Dispatcher.php, line 87
[main] - ROOT/webroot/index.php, line 37



2016-03-07 08:44:41 Notice: Notice (8): Undefined variable: current_user in [/home/yaroslav/www/myblog/htdocs/src/Template/Layout/admin.ctp, line 54]
Trace:
Cake\Error\BaseErrorHandler::handleError() - CORE/src/Error/BaseErrorHandler.php, line 147
include - APP/Template/Layout/admin.ctp, line 54
Cake\View\View::_evaluate() - CORE/src/View/View.php, line 992
Cake\View\View::_render() - CORE/src/View/View.php, line 952
Cake\View\View::renderLayout() - CORE/src/View/View.php, line 633
Cake\View\View::render() - CORE/src/View/View.php, line 592
Cake\Controller\Controller::render() - CORE/src/Controller/Controller.php, line 611
App\Controller\AdminController::users() - APP/Controller/AdminController.php, line 61
Cake\Controller\Controller::invokeAction() - CORE/src/Controller/Controller.php, line 429
Cake\Routing\Dispatcher::_invoke() - CORE/src/Routing/Dispatcher.php, line 114
Cake\Routing\Dispatcher::dispatch() - CORE/src/Routing/Dispatcher.php, line 87
[main] - ROOT/webroot/index.php, line 37



2016-03-07 08:44:41 Notice: Notice (8): Undefined variable: current_user in [/home/yaroslav/www/myblog/htdocs/src/Template/Layout/admin.ctp, line 54]
Trace:
Cake\Error\BaseErrorHandler::handleError() - CORE/src/Error/BaseErrorHandler.php, line 147
include - APP/Template/Layout/admin.ctp, line 54
Cake\View\View::_evaluate() - CORE/src/View/View.php, line 992
Cake\View\View::_render() - CORE/src/View/View.php, line 952
Cake\View\View::renderLayout() - CORE/src/View/View.php, line 633
Cake\View\View::render() - CORE/src/View/View.php, line 592
Cake\Controller\Controller::render() - CORE/src/Controller/Controller.php, line 611
App\Controller\AdminController::users() - APP/Controller/AdminController.php, line 61
Cake\Controller\Controller::invokeAction() - CORE/src/Controller/Controller.php, line 429
Cake\Routing\Dispatcher::_invoke() - CORE/src/Routing/Dispatcher.php, line 114
Cake\Routing\Dispatcher::dispatch() - CORE/src/Routing/Dispatcher.php, line 87
[main] - ROOT/webroot/index.php, line 37



2016-03-07 08:44:45 Notice: Notice (8): Undefined variable: current_user in [/home/yaroslav/www/myblog/htdocs/src/Template/Layout/admin.ctp, line 54]
Trace:
Cake\Error\BaseErrorHandler::handleError() - CORE/src/Error/BaseErrorHandler.php, line 147
include - APP/Template/Layout/admin.ctp, line 54
Cake\View\View::_evaluate() - CORE/src/View/View.php, line 992
Cake\View\View::_render() - CORE/src/View/View.php, line 952
Cake\View\View::renderLayout() - CORE/src/View/View.php, line 633
Cake\View\View::render() - CORE/src/View/View.php, line 592
Cake\Controller\Controller::render() - CORE/src/Controller/Controller.php, line 611
App\Controller\AdminController::users() - APP/Controller/AdminController.php, line 99
Cake\Controller\Controller::invokeAction() - CORE/src/Controller/Controller.php, line 429
Cake\Routing\Dispatcher::_invoke() - CORE/src/Routing/Dispatcher.php, line 114
Cake\Routing\Dispatcher::dispatch() - CORE/src/Routing/Dispatcher.php, line 87
[main] - ROOT/webroot/index.php, line 37



2016-03-07 08:44:45 Notice: Notice (8): Undefined variable: current_user in [/home/yaroslav/www/myblog/htdocs/src/Template/Layout/admin.ctp, line 54]
Trace:
Cake\Error\BaseErrorHandler::handleError() - CORE/src/Error/BaseErrorHandler.php, line 147
include - APP/Template/Layout/admin.ctp, line 54
Cake\View\View::_evaluate() - CORE/src/View/View.php, line 992
Cake\View\View::_render() - CORE/src/View/View.php, line 952
Cake\View\View::renderLayout() - CORE/src/View/View.php, line 633
Cake\View\View::render() - CORE/src/View/View.php, line 592
Cake\Controller\Controller::render() - CORE/src/Controller/Controller.php, line 611
App\Controller\AdminController::users() - APP/Controller/AdminController.php, line 99
Cake\Controller\Controller::invokeAction() - CORE/src/Controller/Controller.php, line 429
Cake\Routing\Dispatcher::_invoke() - CORE/src/Routing/Dispatcher.php, line 114
Cake\Routing\Dispatcher::dispatch() - CORE/src/Routing/Dispatcher.php, line 87
[main] - ROOT/webroot/index.php, line 37



2016-03-07 08:46:12 Notice: Notice (8): Undefined variable: current_user in [/home/yaroslav/www/myblog/htdocs/src/Template/Layout/admin.ctp, line 54]
Trace:
Cake\Error\BaseErrorHandler::handleError() - CORE/src/Error/BaseErrorHandler.php, line 147
include - APP/Template/Layout/admin.ctp, line 54
Cake\View\View::_evaluate() - CORE/src/View/View.php, line 992
Cake\View\View::_render() - CORE/src/View/View.php, line 952
Cake\View\View::renderLayout() - CORE/src/View/View.php, line 633
Cake\View\View::render() - CORE/src/View/View.php, line 592
Cake\Controller\Controller::render() - CORE/src/Controller/Controller.php, line 611
App\Controller\AdminController::users() - APP/Controller/AdminController.php, line 99
Cake\Controller\Controller::invokeAction() - CORE/src/Controller/Controller.php, line 429
Cake\Routing\Dispatcher::_invoke() - CORE/src/Routing/Dispatcher.php, line 114
Cake\Routing\Dispatcher::dispatch() - CORE/src/Routing/Dispatcher.php, line 87
[main] - ROOT/webroot/index.php, line 37



2016-03-07 08:46:12 Notice: Notice (8): Undefined variable: current_user in [/home/yaroslav/www/myblog/htdocs/src/Template/Layout/admin.ctp, line 54]
Trace:
Cake\Error\BaseErrorHandler::handleError() - CORE/src/Error/BaseErrorHandler.php, line 147
include - APP/Template/Layout/admin.ctp, line 54
Cake\View\View::_evaluate() - CORE/src/View/View.php, line 992
Cake\View\View::_render() - CORE/src/View/View.php, line 952
Cake\View\View::renderLayout() - CORE/src/View/View.php, line 633
Cake\View\View::render() - CORE/src/View/View.php, line 592
Cake\Controller\Controller::render() - CORE/src/Controller/Controller.php, line 611
App\Controller\AdminController::users() - APP/Controller/AdminController.php, line 99
Cake\Controller\Controller::invokeAction() - CORE/src/Controller/Controller.php, line 429
Cake\Routing\Dispatcher::_invoke() - CORE/src/Routing/Dispatcher.php, line 114
Cake\Routing\Dispatcher::dispatch() - CORE/src/Routing/Dispatcher.php, line 87
[main] - ROOT/webroot/index.php, line 37



2016-03-07 08:46:21 Notice: Notice (8): Undefined variable: current_user in [/home/yaroslav/www/myblog/htdocs/src/Template/Layout/admin.ctp, line 54]
Trace:
Cake\Error\BaseErrorHandler::handleError() - CORE/src/Error/BaseErrorHandler.php, line 147
include - APP/Template/Layout/admin.ctp, line 54
Cake\View\View::_evaluate() - CORE/src/View/View.php, line 992
Cake\View\View::_render() - CORE/src/View/View.php, line 952
Cake\View\View::renderLayout() - CORE/src/View/View.php, line 633
Cake\View\View::render() - CORE/src/View/View.php, line 592
Cake\Controller\Controller::render() - CORE/src/Controller/Controller.php, line 611
App\Controller\AdminController::users() - APP/Controller/AdminController.php, line 99
Cake\Controller\Controller::invokeAction() - CORE/src/Controller/Controller.php, line 429
Cake\Routing\Dispatcher::_invoke() - CORE/src/Routing/Dispatcher.php, line 114
Cake\Routing\Dispatcher::dispatch() - CORE/src/Routing/Dispatcher.php, line 87
[main] - ROOT/webroot/index.php, line 37



2016-03-07 08:46:21 Notice: Notice (8): Undefined variable: current_user in [/home/yaroslav/www/myblog/htdocs/src/Template/Layout/admin.ctp, line 54]
Trace:
Cake\Error\BaseErrorHandler::handleError() - CORE/src/Error/BaseErrorHandler.php, line 147
include - APP/Template/Layout/admin.ctp, line 54
Cake\View\View::_evaluate() - CORE/src/View/View.php, line 992
Cake\View\View::_render() - CORE/src/View/View.php, line 952
Cake\View\View::renderLayout() - CORE/src/View/View.php, line 633
Cake\View\View::render() - CORE/src/View/View.php, line 592
Cake\Controller\Controller::render() - CORE/src/Controller/Controller.php, line 611
App\Controller\AdminController::users() - APP/Controller/AdminController.php, line 99
Cake\Controller\Controller::invokeAction() - CORE/src/Controller/Controller.php, line 429
Cake\Routing\Dispatcher::_invoke() - CORE/src/Routing/Dispatcher.php, line 114
Cake\Routing\Dispatcher::dispatch() - CORE/src/Routing/Dispatcher.php, line 87
[main] - ROOT/webroot/index.php, line 37



2016-03-07 08:46:22 Notice: Notice (8): Undefined variable: current_user in [/home/yaroslav/www/myblog/htdocs/src/Template/Layout/admin.ctp, line 54]
Trace:
Cake\Error\BaseErrorHandler::handleError() - CORE/src/Error/BaseErrorHandler.php, line 147
include - APP/Template/Layout/admin.ctp, line 54
Cake\View\View::_evaluate() - CORE/src/View/View.php, line 992
Cake\View\View::_render() - CORE/src/View/View.php, line 952
Cake\View\View::renderLayout() - CORE/src/View/View.php, line 633
Cake\View\View::render() - CORE/src/View/View.php, line 592
Cake\Controller\Controller::render() - CORE/src/Controller/Controller.php, line 611
App\Controller\AdminController::users() - APP/Controller/AdminController.php, line 61
Cake\Controller\Controller::invokeAction() - CORE/src/Controller/Controller.php, line 429
Cake\Routing\Dispatcher::_invoke() - CORE/src/Routing/Dispatcher.php, line 114
Cake\Routing\Dispatcher::dispatch() - CORE/src/Routing/Dispatcher.php, line 87
[main] - ROOT/webroot/index.php, line 37



2016-03-07 08:46:22 Notice: Notice (8): Undefined variable: current_user in [/home/yaroslav/www/myblog/htdocs/src/Template/Layout/admin.ctp, line 54]
Trace:
Cake\Error\BaseErrorHandler::handleError() - CORE/src/Error/BaseErrorHandler.php, line 147
include - APP/Template/Layout/admin.ctp, line 54
Cake\View\View::_evaluate() - CORE/src/View/View.php, line 992
Cake\View\View::_render() - CORE/src/View/View.php, line 952
Cake\View\View::renderLayout() - CORE/src/View/View.php, line 633
Cake\View\View::render() - CORE/src/View/View.php, line 592
Cake\Controller\Controller::render() - CORE/src/Controller/Controller.php, line 611
App\Controller\AdminController::users() - APP/Controller/AdminController.php, line 61
Cake\Controller\Controller::invokeAction() - CORE/src/Controller/Controller.php, line 429
Cake\Routing\Dispatcher::_invoke() - CORE/src/Routing/Dispatcher.php, line 114
Cake\Routing\Dispatcher::dispatch() - CORE/src/Routing/Dispatcher.php, line 87
[main] - ROOT/webroot/index.php, line 37



2016-03-07 08:46:24 Notice: Notice (8): Undefined variable: current_user in [/home/yaroslav/www/myblog/htdocs/src/Template/Layout/admin.ctp, line 54]
Trace:
Cake\Error\BaseErrorHandler::handleError() - CORE/src/Error/BaseErrorHandler.php, line 147
include - APP/Template/Layout/admin.ctp, line 54
Cake\View\View::_evaluate() - CORE/src/View/View.php, line 992
Cake\View\View::_render() - CORE/src/View/View.php, line 952
Cake\View\View::renderLayout() - CORE/src/View/View.php, line 633
Cake\View\View::render() - CORE/src/View/View.php, line 592
Cake\Controller\Controller::render() - CORE/src/Controller/Controller.php, line 611
App\Controller\AdminController::users() - APP/Controller/AdminController.php, line 61
Cake\Controller\Controller::invokeAction() - CORE/src/Controller/Controller.php, line 429
Cake\Routing\Dispatcher::_invoke() - CORE/src/Routing/Dispatcher.php, line 114
Cake\Routing\Dispatcher::dispatch() - CORE/src/Routing/Dispatcher.php, line 87
[main] - ROOT/webroot/index.php, line 37



2016-03-07 08:46:24 Notice: Notice (8): Undefined variable: current_user in [/home/yaroslav/www/myblog/htdocs/src/Template/Layout/admin.ctp, line 54]
Trace:
Cake\Error\BaseErrorHandler::handleError() - CORE/src/Error/BaseErrorHandler.php, line 147
include - APP/Template/Layout/admin.ctp, line 54
Cake\View\View::_evaluate() - CORE/src/View/View.php, line 992
Cake\View\View::_render() - CORE/src/View/View.php, line 952
Cake\View\View::renderLayout() - CORE/src/View/View.php, line 633
Cake\View\View::render() - CORE/src/View/View.php, line 592
Cake\Controller\Controller::render() - CORE/src/Controller/Controller.php, line 611
App\Controller\AdminController::users() - APP/Controller/AdminController.php, line 61
Cake\Controller\Controller::invokeAction() - CORE/src/Controller/Controller.php, line 429
Cake\Routing\Dispatcher::_invoke() - CORE/src/Routing/Dispatcher.php, line 114
Cake\Routing\Dispatcher::dispatch() - CORE/src/Routing/Dispatcher.php, line 87
[main] - ROOT/webroot/index.php, line 37



2016-03-07 08:46:26 Notice: Notice (8): Undefined variable: current_user in [/home/yaroslav/www/myblog/htdocs/src/Template/Layout/admin.ctp, line 54]
Trace:
Cake\Error\BaseErrorHandler::handleError() - CORE/src/Error/BaseErrorHandler.php, line 147
include - APP/Template/Layout/admin.ctp, line 54
Cake\View\View::_evaluate() - CORE/src/View/View.php, line 992
Cake\View\View::_render() - CORE/src/View/View.php, line 952
Cake\View\View::renderLayout() - CORE/src/View/View.php, line 633
Cake\View\View::render() - CORE/src/View/View.php, line 592
Cake\Controller\Controller::render() - CORE/src/Controller/Controller.php, line 611
App\Controller\AdminController::users() - APP/Controller/AdminController.php, line 61
Cake\Controller\Controller::invokeAction() - CORE/src/Controller/Controller.php, line 429
Cake\Routing\Dispatcher::_invoke() - CORE/src/Routing/Dispatcher.php, line 114
Cake\Routing\Dispatcher::dispatch() - CORE/src/Routing/Dispatcher.php, line 87
[main] - ROOT/webroot/index.php, line 37



2016-03-07 08:46:26 Notice: Notice (8): Undefined variable: current_user in [/home/yaroslav/www/myblog/htdocs/src/Template/Layout/admin.ctp, line 54]
Trace:
Cake\Error\BaseErrorHandler::handleError() - CORE/src/Error/BaseErrorHandler.php, line 147
include - APP/Template/Layout/admin.ctp, line 54
Cake\View\View::_evaluate() - CORE/src/View/View.php, line 992
Cake\View\View::_render() - CORE/src/View/View.php, line 952
Cake\View\View::renderLayout() - CORE/src/View/View.php, line 633
Cake\View\View::render() - CORE/src/View/View.php, line 592
Cake\Controller\Controller::render() - CORE/src/Controller/Controller.php, line 611
App\Controller\AdminController::users() - APP/Controller/AdminController.php, line 61
Cake\Controller\Controller::invokeAction() - CORE/src/Controller/Controller.php, line 429
Cake\Routing\Dispatcher::_invoke() - CORE/src/Routing/Dispatcher.php, line 114
Cake\Routing\Dispatcher::dispatch() - CORE/src/Routing/Dispatcher.php, line 87
[main] - ROOT/webroot/index.php, line 37



2016-03-07 08:46:27 Notice: Notice (8): Undefined variable: current_user in [/home/yaroslav/www/myblog/htdocs/src/Template/Layout/admin.ctp, line 54]
Trace:
Cake\Error\BaseErrorHandler::handleError() - CORE/src/Error/BaseErrorHandler.php, line 147
include - APP/Template/Layout/admin.ctp, line 54
Cake\View\View::_evaluate() - CORE/src/View/View.php, line 992
Cake\View\View::_render() - CORE/src/View/View.php, line 952
Cake\View\View::renderLayout() - CORE/src/View/View.php, line 633
Cake\View\View::render() - CORE/src/View/View.php, line 592
Cake\Controller\Controller::render() - CORE/src/Controller/Controller.php, line 611
App\Controller\AdminController::users() - APP/Controller/AdminController.php, line 99
Cake\Controller\Controller::invokeAction() - CORE/src/Controller/Controller.php, line 429
Cake\Routing\Dispatcher::_invoke() - CORE/src/Routing/Dispatcher.php, line 114
Cake\Routing\Dispatcher::dispatch() - CORE/src/Routing/Dispatcher.php, line 87
[main] - ROOT/webroot/index.php, line 37



2016-03-07 08:46:27 Notice: Notice (8): Undefined variable: current_user in [/home/yaroslav/www/myblog/htdocs/src/Template/Layout/admin.ctp, line 54]
Trace:
Cake\Error\BaseErrorHandler::handleError() - CORE/src/Error/BaseErrorHandler.php, line 147
include - APP/Template/Layout/admin.ctp, line 54
Cake\View\View::_evaluate() - CORE/src/View/View.php, line 992
Cake\View\View::_render() - CORE/src/View/View.php, line 952
Cake\View\View::renderLayout() - CORE/src/View/View.php, line 633
Cake\View\View::render() - CORE/src/View/View.php, line 592
Cake\Controller\Controller::render() - CORE/src/Controller/Controller.php, line 611
App\Controller\AdminController::users() - APP/Controller/AdminController.php, line 99
Cake\Controller\Controller::invokeAction() - CORE/src/Controller/Controller.php, line 429
Cake\Routing\Dispatcher::_invoke() - CORE/src/Routing/Dispatcher.php, line 114
Cake\Routing\Dispatcher::dispatch() - CORE/src/Routing/Dispatcher.php, line 87
[main] - ROOT/webroot/index.php, line 37



2016-03-07 08:48:28 Notice: Notice (8): Undefined variable: current_user in [/home/yaroslav/www/myblog/htdocs/src/Template/Layout/admin.ctp, line 54]
Trace:
Cake\Error\BaseErrorHandler::handleError() - CORE/src/Error/BaseErrorHandler.php, line 147
include - APP/Template/Layout/admin.ctp, line 54
Cake\View\View::_evaluate() - CORE/src/View/View.php, line 992
Cake\View\View::_render() - CORE/src/View/View.php, line 952
Cake\View\View::renderLayout() - CORE/src/View/View.php, line 633
Cake\View\View::render() - CORE/src/View/View.php, line 592
Cake\Controller\Controller::render() - CORE/src/Controller/Controller.php, line 611
App\Controller\AdminController::users() - APP/Controller/AdminController.php, line 99
Cake\Controller\Controller::invokeAction() - CORE/src/Controller/Controller.php, line 429
Cake\Routing\Dispatcher::_invoke() - CORE/src/Routing/Dispatcher.php, line 114
Cake\Routing\Dispatcher::dispatch() - CORE/src/Routing/Dispatcher.php, line 87
[main] - ROOT/webroot/index.php, line 37



2016-03-07 08:48:28 Notice: Notice (8): Undefined variable: current_user in [/home/yaroslav/www/myblog/htdocs/src/Template/Layout/admin.ctp, line 54]
Trace:
Cake\Error\BaseErrorHandler::handleError() - CORE/src/Error/BaseErrorHandler.php, line 147
include - APP/Template/Layout/admin.ctp, line 54
Cake\View\View::_evaluate() - CORE/src/View/View.php, line 992
Cake\View\View::_render() - CORE/src/View/View.php, line 952
Cake\View\View::renderLayout() - CORE/src/View/View.php, line 633
Cake\View\View::render() - CORE/src/View/View.php, line 592
Cake\Controller\Controller::render() - CORE/src/Controller/Controller.php, line 611
App\Controller\AdminController::users() - APP/Controller/AdminController.php, line 99
Cake\Controller\Controller::invokeAction() - CORE/src/Controller/Controller.php, line 429
Cake\Routing\Dispatcher::_invoke() - CORE/src/Routing/Dispatcher.php, line 114
Cake\Routing\Dispatcher::dispatch() - CORE/src/Routing/Dispatcher.php, line 87
[main] - ROOT/webroot/index.php, line 37



2016-03-07 08:48:31 Notice: Notice (8): Undefined variable: current_user in [/home/yaroslav/www/myblog/htdocs/src/Template/Layout/admin.ctp, line 54]
Trace:
Cake\Error\BaseErrorHandler::handleError() - CORE/src/Error/BaseErrorHandler.php, line 147
include - APP/Template/Layout/admin.ctp, line 54
Cake\View\View::_evaluate() - CORE/src/View/View.php, line 992
Cake\View\View::_render() - CORE/src/View/View.php, line 952
Cake\View\View::renderLayout() - CORE/src/View/View.php, line 633
Cake\View\View::render() - CORE/src/View/View.php, line 592
Cake\Controller\Controller::render() - CORE/src/Controller/Controller.php, line 611
App\Controller\AdminController::users() - APP/Controller/AdminController.php, line 61
Cake\Controller\Controller::invokeAction() - CORE/src/Controller/Controller.php, line 429
Cake\Routing\Dispatcher::_invoke() - CORE/src/Routing/Dispatcher.php, line 114
Cake\Routing\Dispatcher::dispatch() - CORE/src/Routing/Dispatcher.php, line 87
[main] - ROOT/webroot/index.php, line 37



2016-03-07 08:48:31 Notice: Notice (8): Undefined variable: current_user in [/home/yaroslav/www/myblog/htdocs/src/Template/Layout/admin.ctp, line 54]
Trace:
Cake\Error\BaseErrorHandler::handleError() - CORE/src/Error/BaseErrorHandler.php, line 147
include - APP/Template/Layout/admin.ctp, line 54
Cake\View\View::_evaluate() - CORE/src/View/View.php, line 992
Cake\View\View::_render() - CORE/src/View/View.php, line 952
Cake\View\View::renderLayout() - CORE/src/View/View.php, line 633
Cake\View\View::render() - CORE/src/View/View.php, line 592
Cake\Controller\Controller::render() - CORE/src/Controller/Controller.php, line 611
App\Controller\AdminController::users() - APP/Controller/AdminController.php, line 61
Cake\Controller\Controller::invokeAction() - CORE/src/Controller/Controller.php, line 429
Cake\Routing\Dispatcher::_invoke() - CORE/src/Routing/Dispatcher.php, line 114
Cake\Routing\Dispatcher::dispatch() - CORE/src/Routing/Dispatcher.php, line 87
[main] - ROOT/webroot/index.php, line 37



2016-03-07 08:48:33 Notice: Notice (8): Undefined variable: current_user in [/home/yaroslav/www/myblog/htdocs/src/Template/Layout/admin.ctp, line 54]
Trace:
Cake\Error\BaseErrorHandler::handleError() - CORE/src/Error/BaseErrorHandler.php, line 147
include - APP/Template/Layout/admin.ctp, line 54
Cake\View\View::_evaluate() - CORE/src/View/View.php, line 992
Cake\View\View::_render() - CORE/src/View/View.php, line 952
Cake\View\View::renderLayout() - CORE/src/View/View.php, line 633
Cake\View\View::render() - CORE/src/View/View.php, line 592
Cake\Controller\Controller::render() - CORE/src/Controller/Controller.php, line 611
App\Controller\AdminController::users() - APP/Controller/AdminController.php, line 61
Cake\Controller\Controller::invokeAction() - CORE/src/Controller/Controller.php, line 429
Cake\Routing\Dispatcher::_invoke() - CORE/src/Routing/Dispatcher.php, line 114
Cake\Routing\Dispatcher::dispatch() - CORE/src/Routing/Dispatcher.php, line 87
[main] - ROOT/webroot/index.php, line 37



2016-03-07 08:48:33 Notice: Notice (8): Undefined variable: current_user in [/home/yaroslav/www/myblog/htdocs/src/Template/Layout/admin.ctp, line 54]
Trace:
Cake\Error\BaseErrorHandler::handleError() - CORE/src/Error/BaseErrorHandler.php, line 147
include - APP/Template/Layout/admin.ctp, line 54
Cake\View\View::_evaluate() - CORE/src/View/View.php, line 992
Cake\View\View::_render() - CORE/src/View/View.php, line 952
Cake\View\View::renderLayout() - CORE/src/View/View.php, line 633
Cake\View\View::render() - CORE/src/View/View.php, line 592
Cake\Controller\Controller::render() - CORE/src/Controller/Controller.php, line 611
App\Controller\AdminController::users() - APP/Controller/AdminController.php, line 61
Cake\Controller\Controller::invokeAction() - CORE/src/Controller/Controller.php, line 429
Cake\Routing\Dispatcher::_invoke() - CORE/src/Routing/Dispatcher.php, line 114
Cake\Routing\Dispatcher::dispatch() - CORE/src/Routing/Dispatcher.php, line 87
[main] - ROOT/webroot/index.php, line 37



2016-03-07 08:48:34 Notice: Notice (8): Undefined variable: current_user in [/home/yaroslav/www/myblog/htdocs/src/Template/Layout/admin.ctp, line 54]
Trace:
Cake\Error\BaseErrorHandler::handleError() - CORE/src/Error/BaseErrorHandler.php, line 147
include - APP/Template/Layout/admin.ctp, line 54
Cake\View\View::_evaluate() - CORE/src/View/View.php, line 992
Cake\View\View::_render() - CORE/src/View/View.php, line 952
Cake\View\View::renderLayout() - CORE/src/View/View.php, line 633
Cake\View\View::render() - CORE/src/View/View.php, line 592
Cake\Controller\Controller::render() - CORE/src/Controller/Controller.php, line 611
App\Controller\AdminController::users() - APP/Controller/AdminController.php, line 61
Cake\Controller\Controller::invokeAction() - CORE/src/Controller/Controller.php, line 429
Cake\Routing\Dispatcher::_invoke() - CORE/src/Routing/Dispatcher.php, line 114
Cake\Routing\Dispatcher::dispatch() - CORE/src/Routing/Dispatcher.php, line 87
[main] - ROOT/webroot/index.php, line 37



2016-03-07 08:48:34 Notice: Notice (8): Undefined variable: current_user in [/home/yaroslav/www/myblog/htdocs/src/Template/Layout/admin.ctp, line 54]
Trace:
Cake\Error\BaseErrorHandler::handleError() - CORE/src/Error/BaseErrorHandler.php, line 147
include - APP/Template/Layout/admin.ctp, line 54
Cake\View\View::_evaluate() - CORE/src/View/View.php, line 992
Cake\View\View::_render() - CORE/src/View/View.php, line 952
Cake\View\View::renderLayout() - CORE/src/View/View.php, line 633
Cake\View\View::render() - CORE/src/View/View.php, line 592
Cake\Controller\Controller::render() - CORE/src/Controller/Controller.php, line 611
App\Controller\AdminController::users() - APP/Controller/AdminController.php, line 61
Cake\Controller\Controller::invokeAction() - CORE/src/Controller/Controller.php, line 429
Cake\Routing\Dispatcher::_invoke() - CORE/src/Routing/Dispatcher.php, line 114
Cake\Routing\Dispatcher::dispatch() - CORE/src/Routing/Dispatcher.php, line 87
[main] - ROOT/webroot/index.php, line 37



2016-03-07 21:16:34 Notice: Notice (8): Undefined index: confirm_password in [/home/yaroslav/www/myblog/htdocs/src/Controller/AdminController.php, line 89]
Trace:
Cake\Error\BaseErrorHandler::handleError() - CORE/src/Error/BaseErrorHandler.php, line 147
App\Controller\AdminController::users() - APP/Controller/AdminController.php, line 89
Cake\Controller\Controller::invokeAction() - CORE/src/Controller/Controller.php, line 429
Cake\Routing\Dispatcher::_invoke() - CORE/src/Routing/Dispatcher.php, line 114
Cake\Routing\Dispatcher::dispatch() - CORE/src/Routing/Dispatcher.php, line 87
[main] - ROOT/webroot/index.php, line 37



2016-03-07 21:19:55 Notice: Notice (8): Undefined index: confirm_password in [/home/yaroslav/www/myblog/htdocs/src/Controller/AdminController.php, line 89]
Trace:
Cake\Error\BaseErrorHandler::handleError() - CORE/src/Error/BaseErrorHandler.php, line 147
App\Controller\AdminController::users() - APP/Controller/AdminController.php, line 89
Cake\Controller\Controller::invokeAction() - CORE/src/Controller/Controller.php, line 429
Cake\Routing\Dispatcher::_invoke() - CORE/src/Routing/Dispatcher.php, line 114
Cake\Routing\Dispatcher::dispatch() - CORE/src/Routing/Dispatcher.php, line 87
[main] - ROOT/webroot/index.php, line 37



2016-03-07 21:30:40 Notice: Notice (8): Undefined variable: users in [/home/yaroslav/www/myblog/htdocs/src/Template/Admin/users.ctp, line 17]
Trace:
Cake\Error\BaseErrorHandler::handleError() - CORE/src/Error/BaseErrorHandler.php, line 147
include - APP/Template/Admin/users.ctp, line 17
Cake\View\View::_evaluate() - CORE/src/View/View.php, line 992
Cake\View\View::_render() - CORE/src/View/View.php, line 952
Cake\View\View::render() - CORE/src/View/View.php, line 587
Cake\Controller\Controller::render() - CORE/src/Controller/Controller.php, line 611
Cake\Routing\Dispatcher::_invoke() - CORE/src/Routing/Dispatcher.php, line 120
Cake\Routing\Dispatcher::dispatch() - CORE/src/Routing/Dispatcher.php, line 87
[main] - ROOT/webroot/index.php, line 37



2016-03-07 21:31:16 Notice: Notice (8): Undefined variable: users in [/home/yaroslav/www/myblog/htdocs/src/Template/Admin/users.ctp, line 17]
Trace:
Cake\Error\BaseErrorHandler::handleError() - CORE/src/Error/BaseErrorHandler.php, line 147
include - APP/Template/Admin/users.ctp, line 17
Cake\View\View::_evaluate() - CORE/src/View/View.php, line 992
Cake\View\View::_render() - CORE/src/View/View.php, line 952
Cake\View\View::render() - CORE/src/View/View.php, line 587
Cake\Controller\Controller::render() - CORE/src/Controller/Controller.php, line 611
Cake\Routing\Dispatcher::_invoke() - CORE/src/Routing/Dispatcher.php, line 120
Cake\Routing\Dispatcher::dispatch() - CORE/src/Routing/Dispatcher.php, line 87
[main] - ROOT/webroot/index.php, line 37



2016-03-07 21:35:11 Notice: Notice (8): Undefined variable: users in [/home/yaroslav/www/myblog/htdocs/src/Template/Admin/users.ctp, line 17]
Trace:
Cake\Error\BaseErrorHandler::handleError() - CORE/src/Error/BaseErrorHandler.php, line 147
include - APP/Template/Admin/users.ctp, line 17
Cake\View\View::_evaluate() - CORE/src/View/View.php, line 992
Cake\View\View::_render() - CORE/src/View/View.php, line 952
Cake\View\View::render() - CORE/src/View/View.php, line 587
Cake\Controller\Controller::render() - CORE/src/Controller/Controller.php, line 611
Cake\Routing\Dispatcher::_invoke() - CORE/src/Routing/Dispatcher.php, line 120
Cake\Routing\Dispatcher::dispatch() - CORE/src/Routing/Dispatcher.php, line 87
[main] - ROOT/webroot/index.php, line 37



2016-03-07 21:53:06 Notice: Notice (8): Undefined variable: users in [/home/yaroslav/www/myblog/htdocs/src/Template/Admin/users.ctp, line 17]
Trace:
Cake\Error\BaseErrorHandler::handleError() - CORE/src/Error/BaseErrorHandler.php, line 147
include - APP/Template/Admin/users.ctp, line 17
Cake\View\View::_evaluate() - CORE/src/View/View.php, line 992
Cake\View\View::_render() - CORE/src/View/View.php, line 952
Cake\View\View::render() - CORE/src/View/View.php, line 587
Cake\Controller\Controller::render() - CORE/src/Controller/Controller.php, line 611
Cake\Routing\Dispatcher::_invoke() - CORE/src/Routing/Dispatcher.php, line 120
Cake\Routing\Dispatcher::dispatch() - CORE/src/Routing/Dispatcher.php, line 87
[main] - ROOT/webroot/index.php, line 37



2016-03-07 21:54:06 Notice: Notice (8): Undefined variable: users in [/home/yaroslav/www/myblog/htdocs/src/Template/Admin/users.ctp, line 17]
Trace:
Cake\Error\BaseErrorHandler::handleError() - CORE/src/Error/BaseErrorHandler.php, line 147
include - APP/Template/Admin/users.ctp, line 17
Cake\View\View::_evaluate() - CORE/src/View/View.php, line 992
Cake\View\View::_render() - CORE/src/View/View.php, line 952
Cake\View\View::render() - CORE/src/View/View.php, line 587
Cake\Controller\Controller::render() - CORE/src/Controller/Controller.php, line 611
Cake\Routing\Dispatcher::_invoke() - CORE/src/Routing/Dispatcher.php, line 120
Cake\Routing\Dispatcher::dispatch() - CORE/src/Routing/Dispatcher.php, line 87
[main] - ROOT/webroot/index.php, line 37



