2016-02-12 15:31:19 Error: [Cake\Routing\Exception\MissingControllerException] Controller class Css could not be found.
Exception Attributes: array (
  'class' => 'Css',
  'plugin' => NULL,
  'prefix' => NULL,
  '_ext' => NULL,
)
Request URL: /css/base.css
Referer URL: http://myblog.loc/
Stack Trace:
#0 /var/www/myblog/htdocs/webroot/index.php(37): Cake\Routing\Dispatcher->dispatch(Object(Cake\Network\Request), Object(Cake\Network\Response))
#1 /var/www/myblog/htdocs/index.php(16): require('/var/www/myblog...')
#2 {main}


2016-02-12 15:31:19 Error: [Cake\Routing\Exception\MissingControllerException] Controller class Css could not be found.
Exception Attributes: array (
  'class' => 'Css',
  'plugin' => NULL,
  'prefix' => NULL,
  '_ext' => NULL,
)
Request URL: /css/cake.css
Referer URL: http://myblog.loc/
Stack Trace:
#0 /var/www/myblog/htdocs/webroot/index.php(37): Cake\Routing\Dispatcher->dispatch(Object(Cake\Network\Request), Object(Cake\Network\Response))
#1 /var/www/myblog/htdocs/index.php(16): require('/var/www/myblog...')
#2 {main}


2016-02-12 15:31:23 Error: [Cake\Routing\Exception\MissingControllerException] Controller class Css could not be found.
Exception Attributes: array (
  'class' => 'Css',
  'plugin' => NULL,
  'prefix' => NULL,
  '_ext' => NULL,
)
Request URL: /css/base.css
Referer URL: http://myblog.loc/
Stack Trace:
#0 /var/www/myblog/htdocs/webroot/index.php(37): Cake\Routing\Dispatcher->dispatch(Object(Cake\Network\Request), Object(Cake\Network\Response))
#1 /var/www/myblog/htdocs/index.php(16): require('/var/www/myblog...')
#2 {main}


2016-02-12 15:31:23 Error: [Cake\Routing\Exception\MissingControllerException] Controller class Css could not be found.
Exception Attributes: array (
  'class' => 'Css',
  'plugin' => NULL,
  'prefix' => NULL,
  '_ext' => NULL,
)
Request URL: /css/cake.css
Referer URL: http://myblog.loc/
Stack Trace:
#0 /var/www/myblog/htdocs/webroot/index.php(37): Cake\Routing\Dispatcher->dispatch(Object(Cake\Network\Request), Object(Cake\Network\Response))
#1 /var/www/myblog/htdocs/index.php(16): require('/var/www/myblog...')
#2 {main}


2016-02-12 15:33:05 Error: [Cake\Routing\Exception\MissingControllerException] Controller class Css could not be found.
Exception Attributes: array (
  'class' => 'Css',
  'plugin' => NULL,
  'prefix' => NULL,
  '_ext' => NULL,
)
Request URL: /css/cake.css
Referer URL: http://myblog.loc/
Stack Trace:
#0 /var/www/myblog/htdocs/webroot/index.php(37): Cake\Routing\Dispatcher->dispatch(Object(Cake\Network\Request), Object(Cake\Network\Response))
#1 /var/www/myblog/htdocs/index.php(16): require('/var/www/myblog...')
#2 {main}


2016-02-12 15:33:05 Error: [Cake\Routing\Exception\MissingControllerException] Controller class Css could not be found.
Exception Attributes: array (
  'class' => 'Css',
  'plugin' => NULL,
  'prefix' => NULL,
  '_ext' => NULL,
)
Request URL: /css/base.css
Referer URL: http://myblog.loc/
Stack Trace:
#0 /var/www/myblog/htdocs/webroot/index.php(37): Cake\Routing\Dispatcher->dispatch(Object(Cake\Network\Request), Object(Cake\Network\Response))
#1 /var/www/myblog/htdocs/index.php(16): require('/var/www/myblog...')
#2 {main}


2016-02-12 15:33:07 Error: [Cake\Routing\Exception\MissingControllerException] Controller class Css could not be found.
Exception Attributes: array (
  'class' => 'Css',
  'plugin' => NULL,
  'prefix' => NULL,
  '_ext' => NULL,
)
Request URL: /css/base.css
Referer URL: http://myblog.loc/
Stack Trace:
#0 /var/www/myblog/htdocs/webroot/index.php(37): Cake\Routing\Dispatcher->dispatch(Object(Cake\Network\Request), Object(Cake\Network\Response))
#1 /var/www/myblog/htdocs/index.php(16): require('/var/www/myblog...')
#2 {main}


2016-02-12 15:33:07 Error: [Cake\Routing\Exception\MissingControllerException] Controller class Css could not be found.
Exception Attributes: array (
  'class' => 'Css',
  'plugin' => NULL,
  'prefix' => NULL,
  '_ext' => NULL,
)
Request URL: /css/cake.css
Referer URL: http://myblog.loc/
Stack Trace:
#0 /var/www/myblog/htdocs/webroot/index.php(37): Cake\Routing\Dispatcher->dispatch(Object(Cake\Network\Request), Object(Cake\Network\Response))
#1 /var/www/myblog/htdocs/index.php(16): require('/var/www/myblog...')
#2 {main}


2016-02-12 15:33:08 Error: [Cake\Routing\Exception\MissingControllerException] Controller class Css could not be found.
Exception Attributes: array (
  'class' => 'Css',
  'plugin' => NULL,
  'prefix' => NULL,
  '_ext' => NULL,
)
Request URL: /css/base.css
Referer URL: http://myblog.loc/
Stack Trace:
#0 /var/www/myblog/htdocs/webroot/index.php(37): Cake\Routing\Dispatcher->dispatch(Object(Cake\Network\Request), Object(Cake\Network\Response))
#1 /var/www/myblog/htdocs/index.php(16): require('/var/www/myblog...')
#2 {main}


2016-02-12 15:33:08 Error: [Cake\Routing\Exception\MissingControllerException] Controller class Css could not be found.
Exception Attributes: array (
  'class' => 'Css',
  'plugin' => NULL,
  'prefix' => NULL,
  '_ext' => NULL,
)
Request URL: /css/cake.css
Referer URL: http://myblog.loc/
Stack Trace:
#0 /var/www/myblog/htdocs/webroot/index.php(37): Cake\Routing\Dispatcher->dispatch(Object(Cake\Network\Request), Object(Cake\Network\Response))
#1 /var/www/myblog/htdocs/index.php(16): require('/var/www/myblog...')
#2 {main}


2016-02-12 15:33:08 Error: [Cake\Routing\Exception\MissingControllerException] Controller class Css could not be found.
Exception Attributes: array (
  'class' => 'Css',
  'plugin' => NULL,
  'prefix' => NULL,
  '_ext' => NULL,
)
Request URL: /css/base.css
Referer URL: http://myblog.loc/
Stack Trace:
#0 /var/www/myblog/htdocs/webroot/index.php(37): Cake\Routing\Dispatcher->dispatch(Object(Cake\Network\Request), Object(Cake\Network\Response))
#1 /var/www/myblog/htdocs/index.php(16): require('/var/www/myblog...')
#2 {main}


2016-02-12 15:33:08 Error: [Cake\Routing\Exception\MissingControllerException] Controller class Css could not be found.
Exception Attributes: array (
  'class' => 'Css',
  'plugin' => NULL,
  'prefix' => NULL,
  '_ext' => NULL,
)
Request URL: /css/cake.css
Referer URL: http://myblog.loc/
Stack Trace:
#0 /var/www/myblog/htdocs/webroot/index.php(37): Cake\Routing\Dispatcher->dispatch(Object(Cake\Network\Request), Object(Cake\Network\Response))
#1 /var/www/myblog/htdocs/index.php(16): require('/var/www/myblog...')
#2 {main}


2016-02-12 15:34:06 Error: [Cake\Routing\Exception\MissingControllerException] Controller class Css could not be found.
Exception Attributes: array (
  'class' => 'Css',
  'plugin' => NULL,
  'prefix' => NULL,
  '_ext' => NULL,
)
Request URL: /css/base.css
Referer URL: http://myblog.loc/
Stack Trace:
#0 /var/www/myblog/htdocs/webroot/index.php(37): Cake\Routing\Dispatcher->dispatch(Object(Cake\Network\Request), Object(Cake\Network\Response))
#1 /var/www/myblog/htdocs/index.php(16): require('/var/www/myblog...')
#2 {main}


2016-02-12 15:34:06 Error: [Cake\Routing\Exception\MissingControllerException] Controller class Css could not be found.
Exception Attributes: array (
  'class' => 'Css',
  'plugin' => NULL,
  'prefix' => NULL,
  '_ext' => NULL,
)
Request URL: /css/cake.css
Referer URL: http://myblog.loc/
Stack Trace:
#0 /var/www/myblog/htdocs/webroot/index.php(37): Cake\Routing\Dispatcher->dispatch(Object(Cake\Network\Request), Object(Cake\Network\Response))
#1 /var/www/myblog/htdocs/index.php(16): require('/var/www/myblog...')
#2 {main}


2016-02-12 15:37:47 Error: [Cake\Routing\Exception\MissingControllerException] Controller class Css could not be found.
Exception Attributes: array (
  'class' => 'Css',
  'plugin' => NULL,
  'prefix' => NULL,
  '_ext' => NULL,
)
Request URL: /css/base.css
Referer URL: http://myblog.loc/
Stack Trace:
#0 /var/www/myblog/htdocs/webroot/index.php(37): Cake\Routing\Dispatcher->dispatch(Object(Cake\Network\Request), Object(Cake\Network\Response))
#1 /var/www/myblog/htdocs/index.php(16): require('/var/www/myblog...')
#2 {main}


2016-02-12 15:37:47 Error: [Cake\Routing\Exception\MissingControllerException] Controller class Css could not be found.
Exception Attributes: array (
  'class' => 'Css',
  'plugin' => NULL,
  'prefix' => NULL,
  '_ext' => NULL,
)
Request URL: /css/cake.css
Referer URL: http://myblog.loc/
Stack Trace:
#0 /var/www/myblog/htdocs/webroot/index.php(37): Cake\Routing\Dispatcher->dispatch(Object(Cake\Network\Request), Object(Cake\Network\Response))
#1 /var/www/myblog/htdocs/index.php(16): require('/var/www/myblog...')
#2 {main}


2016-02-12 15:37:49 Error: [Cake\Routing\Exception\MissingControllerException] Controller class Css could not be found.
Exception Attributes: array (
  'class' => 'Css',
  'plugin' => NULL,
  'prefix' => NULL,
  '_ext' => NULL,
)
Request URL: /css/base.css
Referer URL: http://myblog.loc/
Stack Trace:
#0 /var/www/myblog/htdocs/webroot/index.php(37): Cake\Routing\Dispatcher->dispatch(Object(Cake\Network\Request), Object(Cake\Network\Response))
#1 /var/www/myblog/htdocs/index.php(16): require('/var/www/myblog...')
#2 {main}


2016-02-12 15:37:49 Error: [Cake\Routing\Exception\MissingControllerException] Controller class Css could not be found.
Exception Attributes: array (
  'class' => 'Css',
  'plugin' => NULL,
  'prefix' => NULL,
  '_ext' => NULL,
)
Request URL: /css/cake.css
Referer URL: http://myblog.loc/
Stack Trace:
#0 /var/www/myblog/htdocs/webroot/index.php(37): Cake\Routing\Dispatcher->dispatch(Object(Cake\Network\Request), Object(Cake\Network\Response))
#1 /var/www/myblog/htdocs/index.php(16): require('/var/www/myblog...')
#2 {main}


2016-02-12 15:38:40 Error: [Cake\Routing\Exception\MissingControllerException] Controller class Css could not be found.
Exception Attributes: array (
  'class' => 'Css',
  'plugin' => NULL,
  'prefix' => NULL,
  '_ext' => NULL,
)
Request URL: /css/base.css
Referer URL: http://myblog.loc/
Stack Trace:
#0 /var/www/myblog/htdocs/webroot/index.php(37): Cake\Routing\Dispatcher->dispatch(Object(Cake\Network\Request), Object(Cake\Network\Response))
#1 /var/www/myblog/htdocs/index.php(16): require('/var/www/myblog...')
#2 {main}


2016-02-12 15:38:40 Error: [Cake\Routing\Exception\MissingControllerException] Controller class Css could not be found.
Exception Attributes: array (
  'class' => 'Css',
  'plugin' => NULL,
  'prefix' => NULL,
  '_ext' => NULL,
)
Request URL: /css/cake.css
Referer URL: http://myblog.loc/
Stack Trace:
#0 /var/www/myblog/htdocs/webroot/index.php(37): Cake\Routing\Dispatcher->dispatch(Object(Cake\Network\Request), Object(Cake\Network\Response))
#1 /var/www/myblog/htdocs/index.php(16): require('/var/www/myblog...')
#2 {main}


2016-02-12 15:38:41 Error: [Cake\Routing\Exception\MissingControllerException] Controller class Css could not be found.
Exception Attributes: array (
  'class' => 'Css',
  'plugin' => NULL,
  'prefix' => NULL,
  '_ext' => NULL,
)
Request URL: /css/base.css
Referer URL: http://myblog.loc/
Stack Trace:
#0 /var/www/myblog/htdocs/webroot/index.php(37): Cake\Routing\Dispatcher->dispatch(Object(Cake\Network\Request), Object(Cake\Network\Response))
#1 /var/www/myblog/htdocs/index.php(16): require('/var/www/myblog...')
#2 {main}


2016-02-12 15:38:41 Error: [Cake\Routing\Exception\MissingControllerException] Controller class Css could not be found.
Exception Attributes: array (
  'class' => 'Css',
  'plugin' => NULL,
  'prefix' => NULL,
  '_ext' => NULL,
)
Request URL: /css/cake.css
Referer URL: http://myblog.loc/
Stack Trace:
#0 /var/www/myblog/htdocs/webroot/index.php(37): Cake\Routing\Dispatcher->dispatch(Object(Cake\Network\Request), Object(Cake\Network\Response))
#1 /var/www/myblog/htdocs/index.php(16): require('/var/www/myblog...')
#2 {main}


2016-02-12 15:39:52 Error: [Cake\Routing\Exception\MissingControllerException] Controller class Css could not be found.
Exception Attributes: array (
  'class' => 'Css',
  'plugin' => NULL,
  'prefix' => NULL,
  '_ext' => NULL,
)
Request URL: /css/cake.css
Referer URL: http://myblog.loc/
Stack Trace:
#0 /var/www/myblog/htdocs/webroot/index.php(37): Cake\Routing\Dispatcher->dispatch(Object(Cake\Network\Request), Object(Cake\Network\Response))
#1 /var/www/myblog/htdocs/index.php(16): require('/var/www/myblog...')
#2 {main}


2016-02-12 15:39:52 Error: [Cake\Routing\Exception\MissingControllerException] Controller class Css could not be found.
Exception Attributes: array (
  'class' => 'Css',
  'plugin' => NULL,
  'prefix' => NULL,
  '_ext' => NULL,
)
Request URL: /css/base.css
Referer URL: http://myblog.loc/
Stack Trace:
#0 /var/www/myblog/htdocs/webroot/index.php(37): Cake\Routing\Dispatcher->dispatch(Object(Cake\Network\Request), Object(Cake\Network\Response))
#1 /var/www/myblog/htdocs/index.php(16): require('/var/www/myblog...')
#2 {main}


2016-02-12 15:43:02 Error: [Cake\Routing\Exception\MissingControllerException] Controller class Css could not be found.
Exception Attributes: array (
  'class' => 'Css',
  'plugin' => NULL,
  'prefix' => NULL,
  '_ext' => NULL,
)
Request URL: /css/cake.css
Referer URL: http://myblog.loc/
Stack Trace:
#0 /var/www/myblog/htdocs/webroot/index.php(37): Cake\Routing\Dispatcher->dispatch(Object(Cake\Network\Request), Object(Cake\Network\Response))
#1 /var/www/myblog/htdocs/index.php(16): require('/var/www/myblog...')
#2 {main}


2016-02-12 15:43:02 Error: [Cake\Routing\Exception\MissingControllerException] Controller class Css could not be found.
Exception Attributes: array (
  'class' => 'Css',
  'plugin' => NULL,
  'prefix' => NULL,
  '_ext' => NULL,
)
Request URL: /css/base.css
Referer URL: http://myblog.loc/
Stack Trace:
#0 /var/www/myblog/htdocs/webroot/index.php(37): Cake\Routing\Dispatcher->dispatch(Object(Cake\Network\Request), Object(Cake\Network\Response))
#1 /var/www/myblog/htdocs/index.php(16): require('/var/www/myblog...')
#2 {main}


2016-02-12 15:43:03 Error: [Cake\Routing\Exception\MissingControllerException] Controller class Favicon.ico could not be found.
Exception Attributes: array (
  'class' => 'Favicon.ico',
  'plugin' => NULL,
  'prefix' => NULL,
  '_ext' => NULL,
)
Request URL: /favicon.ico
Referer URL: http://myblog.loc/
Stack Trace:
#0 /var/www/myblog/htdocs/webroot/index.php(37): Cake\Routing\Dispatcher->dispatch(Object(Cake\Network\Request), Object(Cake\Network\Response))
#1 /var/www/myblog/htdocs/index.php(16): require('/var/www/myblog...')
#2 {main}


2016-02-12 15:43:50 Error: [Cake\Routing\Exception\MissingControllerException] Controller class Css could not be found.
Exception Attributes: array (
  'class' => 'Css',
  'plugin' => NULL,
  'prefix' => NULL,
  '_ext' => NULL,
)
Request URL: /css/base.css
Referer URL: http://myblog.loc/
Stack Trace:
#0 /var/www/myblog/htdocs/webroot/index.php(37): Cake\Routing\Dispatcher->dispatch(Object(Cake\Network\Request), Object(Cake\Network\Response))
#1 /var/www/myblog/htdocs/index.php(16): require('/var/www/myblog...')
#2 {main}


2016-02-12 15:43:50 Error: [Cake\Routing\Exception\MissingControllerException] Controller class Css could not be found.
Exception Attributes: array (
  'class' => 'Css',
  'plugin' => NULL,
  'prefix' => NULL,
  '_ext' => NULL,
)
Request URL: /css/cake.css
Referer URL: http://myblog.loc/
Stack Trace:
#0 /var/www/myblog/htdocs/webroot/index.php(37): Cake\Routing\Dispatcher->dispatch(Object(Cake\Network\Request), Object(Cake\Network\Response))
#1 /var/www/myblog/htdocs/index.php(16): require('/var/www/myblog...')
#2 {main}


2016-02-12 17:20:48 Error: [Cake\Routing\Exception\MissingControllerException] Controller class Style.css could not be found.
Exception Attributes: array (
  'class' => 'Style.css',
  'plugin' => NULL,
  'prefix' => NULL,
  '_ext' => NULL,
)
Request URL: /style.css
Referer URL: http://myblog.loc/index.html
Stack Trace:
#0 /var/www/myblog/htdocs/webroot/index.php(37): Cake\Routing\Dispatcher->dispatch(Object(Cake\Network\Request), Object(Cake\Network\Response))
#1 {main}


2016-02-12 17:20:48 Error: [Cake\Routing\Exception\MissingControllerException] Controller class Font could not be found.
Exception Attributes: array (
  'class' => 'Font',
  'plugin' => NULL,
  'prefix' => NULL,
  '_ext' => NULL,
)
Request URL: /font/material-design-icons/Material-Design-Icons.woff2
Referer URL: http://myblog.loc/css/materialize.css
Stack Trace:
#0 /var/www/myblog/htdocs/webroot/index.php(37): Cake\Routing\Dispatcher->dispatch(Object(Cake\Network\Request), Object(Cake\Network\Response))
#1 {main}


2016-02-12 17:20:48 Error: [Cake\Routing\Exception\MissingControllerException] Controller class Font could not be found.
Exception Attributes: array (
  'class' => 'Font',
  'plugin' => NULL,
  'prefix' => NULL,
  '_ext' => NULL,
)
Request URL: /font/roboto/Roboto-Regular.woff2
Referer URL: http://myblog.loc/css/materialize.css
Stack Trace:
#0 /var/www/myblog/htdocs/webroot/index.php(37): Cake\Routing\Dispatcher->dispatch(Object(Cake\Network\Request), Object(Cake\Network\Response))
#1 {main}


2016-02-12 17:20:48 Error: [Cake\Routing\Exception\MissingControllerException] Controller class Font could not be found.
Exception Attributes: array (
  'class' => 'Font',
  'plugin' => NULL,
  'prefix' => NULL,
  '_ext' => NULL,
)
Request URL: /font/roboto/Roboto-Light.woff2
Referer URL: http://myblog.loc/css/materialize.css
Stack Trace:
#0 /var/www/myblog/htdocs/webroot/index.php(37): Cake\Routing\Dispatcher->dispatch(Object(Cake\Network\Request), Object(Cake\Network\Response))
#1 {main}


2016-02-12 17:20:48 Error: [Cake\Routing\Exception\MissingControllerException] Controller class Font could not be found.
Exception Attributes: array (
  'class' => 'Font',
  'plugin' => NULL,
  'prefix' => NULL,
  '_ext' => NULL,
)
Request URL: /font/roboto/Roboto-Light.woff
Referer URL: http://myblog.loc/css/materialize.css
Stack Trace:
#0 /var/www/myblog/htdocs/webroot/index.php(37): Cake\Routing\Dispatcher->dispatch(Object(Cake\Network\Request), Object(Cake\Network\Response))
#1 {main}


2016-02-12 17:20:48 Error: [Cake\Routing\Exception\MissingControllerException] Controller class Font could not be found.
Exception Attributes: array (
  'class' => 'Font',
  'plugin' => NULL,
  'prefix' => NULL,
  '_ext' => NULL,
)
Request URL: /font/roboto/Roboto-Regular.woff
Referer URL: http://myblog.loc/css/materialize.css
Stack Trace:
#0 /var/www/myblog/htdocs/webroot/index.php(37): Cake\Routing\Dispatcher->dispatch(Object(Cake\Network\Request), Object(Cake\Network\Response))
#1 {main}


2016-02-12 17:20:48 Error: [Cake\Routing\Exception\MissingControllerException] Controller class Font could not be found.
Exception Attributes: array (
  'class' => 'Font',
  'plugin' => NULL,
  'prefix' => NULL,
  '_ext' => NULL,
)
Request URL: /font/material-design-icons/Material-Design-Icons.woff
Referer URL: http://myblog.loc/css/materialize.css
Stack Trace:
#0 /var/www/myblog/htdocs/webroot/index.php(37): Cake\Routing\Dispatcher->dispatch(Object(Cake\Network\Request), Object(Cake\Network\Response))
#1 {main}


2016-02-12 17:20:48 Error: [Cake\Routing\Exception\MissingControllerException] Controller class Font could not be found.
Exception Attributes: array (
  'class' => 'Font',
  'plugin' => NULL,
  'prefix' => NULL,
  '_ext' => NULL,
)
Request URL: /font/roboto/Roboto-Regular.ttf
Referer URL: http://myblog.loc/css/materialize.css
Stack Trace:
#0 /var/www/myblog/htdocs/webroot/index.php(37): Cake\Routing\Dispatcher->dispatch(Object(Cake\Network\Request), Object(Cake\Network\Response))
#1 {main}


2016-02-12 17:20:48 Error: [Cake\Routing\Exception\MissingControllerException] Controller class Font could not be found.
Exception Attributes: array (
  'class' => 'Font',
  'plugin' => NULL,
  'prefix' => NULL,
  '_ext' => NULL,
)
Request URL: /font/roboto/Roboto-Light.ttf
Referer URL: http://myblog.loc/css/materialize.css
Stack Trace:
#0 /var/www/myblog/htdocs/webroot/index.php(37): Cake\Routing\Dispatcher->dispatch(Object(Cake\Network\Request), Object(Cake\Network\Response))
#1 {main}


2016-02-12 17:20:48 Error: [Cake\Routing\Exception\MissingControllerException] Controller class Font could not be found.
Exception Attributes: array (
  'class' => 'Font',
  'plugin' => NULL,
  'prefix' => NULL,
  '_ext' => NULL,
)
Request URL: /font/material-design-icons/Material-Design-Icons.ttf
Referer URL: http://myblog.loc/css/materialize.css
Stack Trace:
#0 /var/www/myblog/htdocs/webroot/index.php(37): Cake\Routing\Dispatcher->dispatch(Object(Cake\Network\Request), Object(Cake\Network\Response))
#1 {main}


2016-02-12 17:21:15 Error: [Cake\Routing\Exception\MissingControllerException] Controller class Css could not be found.
Exception Attributes: array (
  'class' => 'Css',
  'plugin' => NULL,
  'prefix' => NULL,
  '_ext' => NULL,
)
Request URL: /css/grabbing.png
Referer URL: http://myblog.loc/css/owl.carousel.css
Stack Trace:
#0 /var/www/myblog/htdocs/webroot/index.php(37): Cake\Routing\Dispatcher->dispatch(Object(Cake\Network\Request), Object(Cake\Network\Response))
#1 {main}


2016-02-12 17:24:05 Error: [Cake\Routing\Exception\MissingControllerException] Controller class Font could not be found.
Exception Attributes: array (
  'class' => 'Font',
  'plugin' => NULL,
  'prefix' => NULL,
  '_ext' => NULL,
)
Request URL: /font/roboto/Roboto-Medium.woff2
Referer URL: http://myblog.loc/css/materialize.css
Stack Trace:
#0 /var/www/myblog/htdocs/webroot/index.php(37): Cake\Routing\Dispatcher->dispatch(Object(Cake\Network\Request), Object(Cake\Network\Response))
#1 {main}


2016-02-12 17:24:05 Error: [Cake\Routing\Exception\MissingControllerException] Controller class Font could not be found.
Exception Attributes: array (
  'class' => 'Font',
  'plugin' => NULL,
  'prefix' => NULL,
  '_ext' => NULL,
)
Request URL: /font/roboto/Roboto-Bold.woff2
Referer URL: http://myblog.loc/css/materialize.css
Stack Trace:
#0 /var/www/myblog/htdocs/webroot/index.php(37): Cake\Routing\Dispatcher->dispatch(Object(Cake\Network\Request), Object(Cake\Network\Response))
#1 {main}


2016-02-12 17:24:05 Error: [Cake\Routing\Exception\MissingControllerException] Controller class Font could not be found.
Exception Attributes: array (
  'class' => 'Font',
  'plugin' => NULL,
  'prefix' => NULL,
  '_ext' => NULL,
)
Request URL: /font/roboto/Roboto-Light.woff2
Referer URL: http://myblog.loc/css/materialize.css
Stack Trace:
#0 /var/www/myblog/htdocs/webroot/index.php(37): Cake\Routing\Dispatcher->dispatch(Object(Cake\Network\Request), Object(Cake\Network\Response))
#1 {main}


2016-02-12 17:24:05 Error: [Cake\Routing\Exception\MissingControllerException] Controller class Font could not be found.
Exception Attributes: array (
  'class' => 'Font',
  'plugin' => NULL,
  'prefix' => NULL,
  '_ext' => NULL,
)
Request URL: /font/roboto/Roboto-Medium.woff
Referer URL: http://myblog.loc/css/materialize.css
Stack Trace:
#0 /var/www/myblog/htdocs/webroot/index.php(37): Cake\Routing\Dispatcher->dispatch(Object(Cake\Network\Request), Object(Cake\Network\Response))
#1 {main}


2016-02-12 17:24:06 Error: [Cake\Routing\Exception\MissingControllerException] Controller class Font could not be found.
Exception Attributes: array (
  'class' => 'Font',
  'plugin' => NULL,
  'prefix' => NULL,
  '_ext' => NULL,
)
Request URL: /font/roboto/Roboto-Bold.woff
Referer URL: http://myblog.loc/css/materialize.css
Stack Trace:
#0 /var/www/myblog/htdocs/webroot/index.php(37): Cake\Routing\Dispatcher->dispatch(Object(Cake\Network\Request), Object(Cake\Network\Response))
#1 {main}


2016-02-12 17:24:06 Error: [Cake\Routing\Exception\MissingControllerException] Controller class Font could not be found.
Exception Attributes: array (
  'class' => 'Font',
  'plugin' => NULL,
  'prefix' => NULL,
  '_ext' => NULL,
)
Request URL: /font/material-design-icons/Material-Design-Icons.woff2
Referer URL: http://myblog.loc/css/materialize.css
Stack Trace:
#0 /var/www/myblog/htdocs/webroot/index.php(37): Cake\Routing\Dispatcher->dispatch(Object(Cake\Network\Request), Object(Cake\Network\Response))
#1 {main}


2016-02-12 17:24:06 Error: [Cake\Routing\Exception\MissingControllerException] Controller class Font could not be found.
Exception Attributes: array (
  'class' => 'Font',
  'plugin' => NULL,
  'prefix' => NULL,
  '_ext' => NULL,
)
Request URL: /font/roboto/Roboto-Regular.woff2
Referer URL: http://myblog.loc/css/materialize.css
Stack Trace:
#0 /var/www/myblog/htdocs/webroot/index.php(37): Cake\Routing\Dispatcher->dispatch(Object(Cake\Network\Request), Object(Cake\Network\Response))
#1 {main}


2016-02-12 17:24:06 Error: [Cake\Routing\Exception\MissingControllerException] Controller class Font could not be found.
Exception Attributes: array (
  'class' => 'Font',
  'plugin' => NULL,
  'prefix' => NULL,
  '_ext' => NULL,
)
Request URL: /font/roboto/Roboto-Bold.ttf
Referer URL: http://myblog.loc/css/materialize.css
Stack Trace:
#0 /var/www/myblog/htdocs/webroot/index.php(37): Cake\Routing\Dispatcher->dispatch(Object(Cake\Network\Request), Object(Cake\Network\Response))
#1 {main}


2016-02-12 17:24:06 Error: [Cake\Routing\Exception\MissingControllerException] Controller class Font could not be found.
Exception Attributes: array (
  'class' => 'Font',
  'plugin' => NULL,
  'prefix' => NULL,
  '_ext' => NULL,
)
Request URL: /font/roboto/Roboto-Medium.ttf
Referer URL: http://myblog.loc/css/materialize.css
Stack Trace:
#0 /var/www/myblog/htdocs/webroot/index.php(37): Cake\Routing\Dispatcher->dispatch(Object(Cake\Network\Request), Object(Cake\Network\Response))
#1 {main}


2016-02-12 17:24:06 Error: [Cake\Routing\Exception\MissingControllerException] Controller class Font could not be found.
Exception Attributes: array (
  'class' => 'Font',
  'plugin' => NULL,
  'prefix' => NULL,
  '_ext' => NULL,
)
Request URL: /font/roboto/Roboto-Light.woff
Referer URL: http://myblog.loc/css/materialize.css
Stack Trace:
#0 /var/www/myblog/htdocs/webroot/index.php(37): Cake\Routing\Dispatcher->dispatch(Object(Cake\Network\Request), Object(Cake\Network\Response))
#1 {main}


2016-02-12 17:24:06 Error: [Cake\Routing\Exception\MissingControllerException] Controller class Font could not be found.
Exception Attributes: array (
  'class' => 'Font',
  'plugin' => NULL,
  'prefix' => NULL,
  '_ext' => NULL,
)
Request URL: /font/material-design-icons/Material-Design-Icons.woff
Referer URL: http://myblog.loc/css/materialize.css
Stack Trace:
#0 /var/www/myblog/htdocs/webroot/index.php(37): Cake\Routing\Dispatcher->dispatch(Object(Cake\Network\Request), Object(Cake\Network\Response))
#1 {main}


2016-02-12 17:24:06 Error: [Cake\Routing\Exception\MissingControllerException] Controller class Font could not be found.
Exception Attributes: array (
  'class' => 'Font',
  'plugin' => NULL,
  'prefix' => NULL,
  '_ext' => NULL,
)
Request URL: /font/roboto/Roboto-Regular.woff
Referer URL: http://myblog.loc/css/materialize.css
Stack Trace:
#0 /var/www/myblog/htdocs/webroot/index.php(37): Cake\Routing\Dispatcher->dispatch(Object(Cake\Network\Request), Object(Cake\Network\Response))
#1 {main}


2016-02-12 17:24:06 Error: [Cake\Routing\Exception\MissingControllerException] Controller class Font could not be found.
Exception Attributes: array (
  'class' => 'Font',
  'plugin' => NULL,
  'prefix' => NULL,
  '_ext' => NULL,
)
Request URL: /font/roboto/Roboto-Light.ttf
Referer URL: http://myblog.loc/css/materialize.css
Stack Trace:
#0 /var/www/myblog/htdocs/webroot/index.php(37): Cake\Routing\Dispatcher->dispatch(Object(Cake\Network\Request), Object(Cake\Network\Response))
#1 {main}


2016-02-12 17:24:06 Error: [Cake\Routing\Exception\MissingControllerException] Controller class Font could not be found.
Exception Attributes: array (
  'class' => 'Font',
  'plugin' => NULL,
  'prefix' => NULL,
  '_ext' => NULL,
)
Request URL: /font/roboto/Roboto-Regular.ttf
Referer URL: http://myblog.loc/css/materialize.css
Stack Trace:
#0 /var/www/myblog/htdocs/webroot/index.php(37): Cake\Routing\Dispatcher->dispatch(Object(Cake\Network\Request), Object(Cake\Network\Response))
#1 {main}


2016-02-12 17:24:06 Error: [Cake\Routing\Exception\MissingControllerException] Controller class Font could not be found.
Exception Attributes: array (
  'class' => 'Font',
  'plugin' => NULL,
  'prefix' => NULL,
  '_ext' => NULL,
)
Request URL: /font/material-design-icons/Material-Design-Icons.ttf
Referer URL: http://myblog.loc/css/materialize.css
Stack Trace:
#0 /var/www/myblog/htdocs/webroot/index.php(37): Cake\Routing\Dispatcher->dispatch(Object(Cake\Network\Request), Object(Cake\Network\Response))
#1 {main}


2016-02-12 17:32:21 Error: [Cake\Routing\Exception\MissingControllerException] Controller class Font could not be found.
Exception Attributes: array (
  'class' => 'Font',
  'plugin' => NULL,
  'prefix' => NULL,
  '_ext' => NULL,
)
Request URL: /font/roboto/Roboto-Bold.woff2
Referer URL: http://myblog.loc/css/materialize.css
Stack Trace:
#0 /var/www/myblog/htdocs/webroot/index.php(37): Cake\Routing\Dispatcher->dispatch(Object(Cake\Network\Request), Object(Cake\Network\Response))
#1 {main}


2016-02-12 17:32:21 Error: [Cake\Routing\Exception\MissingControllerException] Controller class Font could not be found.
Exception Attributes: array (
  'class' => 'Font',
  'plugin' => NULL,
  'prefix' => NULL,
  '_ext' => NULL,
)
Request URL: /font/roboto/Roboto-Regular.woff2
Referer URL: http://myblog.loc/css/materialize.css
Stack Trace:
#0 /var/www/myblog/htdocs/webroot/index.php(37): Cake\Routing\Dispatcher->dispatch(Object(Cake\Network\Request), Object(Cake\Network\Response))
#1 {main}


2016-02-12 17:32:21 Error: [Cake\Routing\Exception\MissingControllerException] Controller class Font could not be found.
Exception Attributes: array (
  'class' => 'Font',
  'plugin' => NULL,
  'prefix' => NULL,
  '_ext' => NULL,
)
Request URL: /font/material-design-icons/Material-Design-Icons.woff2
Referer URL: http://myblog.loc/css/materialize.css
Stack Trace:
#0 /var/www/myblog/htdocs/webroot/index.php(37): Cake\Routing\Dispatcher->dispatch(Object(Cake\Network\Request), Object(Cake\Network\Response))
#1 {main}


2016-02-12 17:32:21 Error: [Cake\Routing\Exception\MissingControllerException] Controller class Font could not be found.
Exception Attributes: array (
  'class' => 'Font',
  'plugin' => NULL,
  'prefix' => NULL,
  '_ext' => NULL,
)
Request URL: /font/roboto/Roboto-Medium.woff2
Referer URL: http://myblog.loc/css/materialize.css
Stack Trace:
#0 /var/www/myblog/htdocs/webroot/index.php(37): Cake\Routing\Dispatcher->dispatch(Object(Cake\Network\Request), Object(Cake\Network\Response))
#1 {main}


2016-02-12 17:32:21 Error: [Cake\Routing\Exception\MissingControllerException] Controller class Font could not be found.
Exception Attributes: array (
  'class' => 'Font',
  'plugin' => NULL,
  'prefix' => NULL,
  '_ext' => NULL,
)
Request URL: /font/roboto/Roboto-Bold.woff
Referer URL: http://myblog.loc/css/materialize.css
Stack Trace:
#0 /var/www/myblog/htdocs/webroot/index.php(37): Cake\Routing\Dispatcher->dispatch(Object(Cake\Network\Request), Object(Cake\Network\Response))
#1 {main}


2016-02-12 17:32:21 Error: [Cake\Routing\Exception\MissingControllerException] Controller class Font could not be found.
Exception Attributes: array (
  'class' => 'Font',
  'plugin' => NULL,
  'prefix' => NULL,
  '_ext' => NULL,
)
Request URL: /font/material-design-icons/Material-Design-Icons.woff
Referer URL: http://myblog.loc/css/materialize.css
Stack Trace:
#0 /var/www/myblog/htdocs/webroot/index.php(37): Cake\Routing\Dispatcher->dispatch(Object(Cake\Network\Request), Object(Cake\Network\Response))
#1 {main}


2016-02-12 17:32:21 Error: [Cake\Routing\Exception\MissingControllerException] Controller class Font could not be found.
Exception Attributes: array (
  'class' => 'Font',
  'plugin' => NULL,
  'prefix' => NULL,
  '_ext' => NULL,
)
Request URL: /font/roboto/Roboto-Regular.woff
Referer URL: http://myblog.loc/css/materialize.css
Stack Trace:
#0 /var/www/myblog/htdocs/webroot/index.php(37): Cake\Routing\Dispatcher->dispatch(Object(Cake\Network\Request), Object(Cake\Network\Response))
#1 {main}


2016-02-12 17:32:21 Error: [Cake\Routing\Exception\MissingControllerException] Controller class Font could not be found.
Exception Attributes: array (
  'class' => 'Font',
  'plugin' => NULL,
  'prefix' => NULL,
  '_ext' => NULL,
)
Request URL: /font/roboto/Roboto-Bold.ttf
Referer URL: http://myblog.loc/css/materialize.css
Stack Trace:
#0 /var/www/myblog/htdocs/webroot/index.php(37): Cake\Routing\Dispatcher->dispatch(Object(Cake\Network\Request), Object(Cake\Network\Response))
#1 {main}


2016-02-12 17:32:21 Error: [Cake\Routing\Exception\MissingControllerException] Controller class Font could not be found.
Exception Attributes: array (
  'class' => 'Font',
  'plugin' => NULL,
  'prefix' => NULL,
  '_ext' => NULL,
)
Request URL: /font/roboto/Roboto-Medium.woff
Referer URL: http://myblog.loc/css/materialize.css
Stack Trace:
#0 /var/www/myblog/htdocs/webroot/index.php(37): Cake\Routing\Dispatcher->dispatch(Object(Cake\Network\Request), Object(Cake\Network\Response))
#1 {main}


2016-02-12 17:32:21 Error: [Cake\Routing\Exception\MissingControllerException] Controller class Font could not be found.
Exception Attributes: array (
  'class' => 'Font',
  'plugin' => NULL,
  'prefix' => NULL,
  '_ext' => NULL,
)
Request URL: /font/material-design-icons/Material-Design-Icons.ttf
Referer URL: http://myblog.loc/css/materialize.css
Stack Trace:
#0 /var/www/myblog/htdocs/webroot/index.php(37): Cake\Routing\Dispatcher->dispatch(Object(Cake\Network\Request), Object(Cake\Network\Response))
#1 {main}


2016-02-12 17:32:21 Error: [Cake\Routing\Exception\MissingControllerException] Controller class Font could not be found.
Exception Attributes: array (
  'class' => 'Font',
  'plugin' => NULL,
  'prefix' => NULL,
  '_ext' => NULL,
)
Request URL: /font/roboto/Roboto-Regular.ttf
Referer URL: http://myblog.loc/css/materialize.css
Stack Trace:
#0 /var/www/myblog/htdocs/webroot/index.php(37): Cake\Routing\Dispatcher->dispatch(Object(Cake\Network\Request), Object(Cake\Network\Response))
#1 {main}


2016-02-12 17:32:22 Error: [Cake\Routing\Exception\MissingControllerException] Controller class Font could not be found.
Exception Attributes: array (
  'class' => 'Font',
  'plugin' => NULL,
  'prefix' => NULL,
  '_ext' => NULL,
)
Request URL: /font/roboto/Roboto-Medium.ttf
Referer URL: http://myblog.loc/css/materialize.css
Stack Trace:
#0 /var/www/myblog/htdocs/webroot/index.php(37): Cake\Routing\Dispatcher->dispatch(Object(Cake\Network\Request), Object(Cake\Network\Response))
#1 {main}


2016-02-13 15:50:17 Warning: DebugKit not enabled. You need to either install pdo_sqlite, or define the "debug_kit" connection name.
2016-02-13 15:52:02 Warning: DebugKit not enabled. You need to either install pdo_sqlite, or define the "debug_kit" connection name.
2016-02-13 15:52:04 Warning: DebugKit not enabled. You need to either install pdo_sqlite, or define the "debug_kit" connection name.
2016-02-13 15:52:35 Warning: DebugKit not enabled. You need to either install pdo_sqlite, or define the "debug_kit" connection name.
2016-02-13 15:54:09 Warning: DebugKit not enabled. You need to either install pdo_sqlite, or define the "debug_kit" connection name.
2016-02-13 19:49:17 Warning: DebugKit not enabled. You need to either install pdo_sqlite, or define the "debug_kit" connection name.
2016-02-13 19:49:17 Warning: DebugKit not enabled. You need to either install pdo_sqlite, or define the "debug_kit" connection name.
2016-02-13 19:49:17 Warning: DebugKit not enabled. You need to either install pdo_sqlite, or define the "debug_kit" connection name.
2016-02-13 19:49:17 Warning: DebugKit not enabled. You need to either install pdo_sqlite, or define the "debug_kit" connection name.
2016-02-13 19:49:17 Error: [Cake\Routing\Exception\MissingControllerException] Controller class Font could not be found.
Exception Attributes: array (
  'class' => 'Font',
  'plugin' => NULL,
  'prefix' => NULL,
  '_ext' => NULL,
)
Request URL: /font/roboto/Roboto-Light.woff2
Referer URL: http://myblog.loc/css/materialize.css
Stack Trace:
#0 /var/www/myblog/htdocs/webroot/index.php(37): Cake\Routing\Dispatcher->dispatch(Object(Cake\Network\Request), Object(Cake\Network\Response))
#1 {main}


2016-02-13 19:49:17 Error: [Cake\Routing\Exception\MissingControllerException] Controller class Font could not be found.
Exception Attributes: array (
  'class' => 'Font',
  'plugin' => NULL,
  'prefix' => NULL,
  '_ext' => NULL,
)
Request URL: /font/roboto/Roboto-Bold.woff2
Referer URL: http://myblog.loc/css/materialize.css
Stack Trace:
#0 /var/www/myblog/htdocs/webroot/index.php(37): Cake\Routing\Dispatcher->dispatch(Object(Cake\Network\Request), Object(Cake\Network\Response))
#1 {main}


2016-02-13 19:49:17 Warning: DebugKit not enabled. You need to either install pdo_sqlite, or define the "debug_kit" connection name.
2016-02-13 19:49:17 Error: [Cake\Routing\Exception\MissingControllerException] Controller class Font could not be found.
Exception Attributes: array (
  'class' => 'Font',
  'plugin' => NULL,
  'prefix' => NULL,
  '_ext' => NULL,
)
Request URL: /font/material-design-icons/Material-Design-Icons.woff2
Referer URL: http://myblog.loc/css/materialize.css
Stack Trace:
#0 /var/www/myblog/htdocs/webroot/index.php(37): Cake\Routing\Dispatcher->dispatch(Object(Cake\Network\Request), Object(Cake\Network\Response))
#1 {main}


2016-02-13 19:49:17 Error: [Cake\Routing\Exception\MissingControllerException] Controller class Font could not be found.
Exception Attributes: array (
  'class' => 'Font',
  'plugin' => NULL,
  'prefix' => NULL,
  '_ext' => NULL,
)
Request URL: /font/roboto/Roboto-Medium.woff2
Referer URL: http://myblog.loc/css/materialize.css
Stack Trace:
#0 /var/www/myblog/htdocs/webroot/index.php(37): Cake\Routing\Dispatcher->dispatch(Object(Cake\Network\Request), Object(Cake\Network\Response))
#1 {main}


2016-02-13 19:49:17 Error: [Cake\Routing\Exception\MissingControllerException] Controller class Font could not be found.
Exception Attributes: array (
  'class' => 'Font',
  'plugin' => NULL,
  'prefix' => NULL,
  '_ext' => NULL,
)
Request URL: /font/roboto/Roboto-Regular.woff2
Referer URL: http://myblog.loc/css/materialize.css
Stack Trace:
#0 /var/www/myblog/htdocs/webroot/index.php(37): Cake\Routing\Dispatcher->dispatch(Object(Cake\Network\Request), Object(Cake\Network\Response))
#1 {main}


2016-02-13 19:49:17 Warning: DebugKit not enabled. You need to either install pdo_sqlite, or define the "debug_kit" connection name.
2016-02-13 19:49:17 Warning: DebugKit not enabled. You need to either install pdo_sqlite, or define the "debug_kit" connection name.
2016-02-13 19:49:17 Warning: DebugKit not enabled. You need to either install pdo_sqlite, or define the "debug_kit" connection name.
2016-02-13 19:49:17 Error: [Cake\Routing\Exception\MissingControllerException] Controller class Font could not be found.
Exception Attributes: array (
  'class' => 'Font',
  'plugin' => NULL,
  'prefix' => NULL,
  '_ext' => NULL,
)
Request URL: /font/roboto/Roboto-Bold.woff
Referer URL: http://myblog.loc/css/materialize.css
Stack Trace:
#0 /var/www/myblog/htdocs/webroot/index.php(37): Cake\Routing\Dispatcher->dispatch(Object(Cake\Network\Request), Object(Cake\Network\Response))
#1 {main}


2016-02-13 19:49:17 Error: [Cake\Routing\Exception\MissingControllerException] Controller class Font could not be found.
Exception Attributes: array (
  'class' => 'Font',
  'plugin' => NULL,
  'prefix' => NULL,
  '_ext' => NULL,
)
Request URL: /font/material-design-icons/Material-Design-Icons.woff
Referer URL: http://myblog.loc/css/materialize.css
Stack Trace:
#0 /var/www/myblog/htdocs/webroot/index.php(37): Cake\Routing\Dispatcher->dispatch(Object(Cake\Network\Request), Object(Cake\Network\Response))
#1 {main}


2016-02-13 19:49:17 Warning: DebugKit not enabled. You need to either install pdo_sqlite, or define the "debug_kit" connection name.
2016-02-13 19:49:17 Error: [Cake\Routing\Exception\MissingControllerException] Controller class Font could not be found.
Exception Attributes: array (
  'class' => 'Font',
  'plugin' => NULL,
  'prefix' => NULL,
  '_ext' => NULL,
)
Request URL: /font/roboto/Roboto-Medium.woff
Referer URL: http://myblog.loc/css/materialize.css
Stack Trace:
#0 /var/www/myblog/htdocs/webroot/index.php(37): Cake\Routing\Dispatcher->dispatch(Object(Cake\Network\Request), Object(Cake\Network\Response))
#1 {main}


2016-02-13 19:49:17 Error: [Cake\Routing\Exception\MissingControllerException] Controller class Font could not be found.
Exception Attributes: array (
  'class' => 'Font',
  'plugin' => NULL,
  'prefix' => NULL,
  '_ext' => NULL,
)
Request URL: /font/roboto/Roboto-Light.woff
Referer URL: http://myblog.loc/css/materialize.css
Stack Trace:
#0 /var/www/myblog/htdocs/webroot/index.php(37): Cake\Routing\Dispatcher->dispatch(Object(Cake\Network\Request), Object(Cake\Network\Response))
#1 {main}


2016-02-13 19:49:17 Warning: DebugKit not enabled. You need to either install pdo_sqlite, or define the "debug_kit" connection name.
2016-02-13 19:49:17 Error: [Cake\Routing\Exception\MissingControllerException] Controller class Font could not be found.
Exception Attributes: array (
  'class' => 'Font',
  'plugin' => NULL,
  'prefix' => NULL,
  '_ext' => NULL,
)
Request URL: /font/roboto/Roboto-Regular.woff
Referer URL: http://myblog.loc/css/materialize.css
Stack Trace:
#0 /var/www/myblog/htdocs/webroot/index.php(37): Cake\Routing\Dispatcher->dispatch(Object(Cake\Network\Request), Object(Cake\Network\Response))
#1 {main}


2016-02-13 19:49:17 Warning: DebugKit not enabled. You need to either install pdo_sqlite, or define the "debug_kit" connection name.
2016-02-13 19:49:17 Warning: DebugKit not enabled. You need to either install pdo_sqlite, or define the "debug_kit" connection name.
2016-02-13 19:49:17 Error: [Cake\Routing\Exception\MissingControllerException] Controller class Font could not be found.
Exception Attributes: array (
  'class' => 'Font',
  'plugin' => NULL,
  'prefix' => NULL,
  '_ext' => NULL,
)
Request URL: /font/roboto/Roboto-Bold.ttf
Referer URL: http://myblog.loc/css/materialize.css
Stack Trace:
#0 /var/www/myblog/htdocs/webroot/index.php(37): Cake\Routing\Dispatcher->dispatch(Object(Cake\Network\Request), Object(Cake\Network\Response))
#1 {main}


2016-02-13 19:49:17 Error: [Cake\Routing\Exception\MissingControllerException] Controller class Font could not be found.
Exception Attributes: array (
  'class' => 'Font',
  'plugin' => NULL,
  'prefix' => NULL,
  '_ext' => NULL,
)
Request URL: /font/material-design-icons/Material-Design-Icons.ttf
Referer URL: http://myblog.loc/css/materialize.css
Stack Trace:
#0 /var/www/myblog/htdocs/webroot/index.php(37): Cake\Routing\Dispatcher->dispatch(Object(Cake\Network\Request), Object(Cake\Network\Response))
#1 {main}


2016-02-13 19:49:17 Warning: DebugKit not enabled. You need to either install pdo_sqlite, or define the "debug_kit" connection name.
2016-02-13 19:49:17 Warning: DebugKit not enabled. You need to either install pdo_sqlite, or define the "debug_kit" connection name.
2016-02-13 19:49:17 Warning: DebugKit not enabled. You need to either install pdo_sqlite, or define the "debug_kit" connection name.
2016-02-13 19:49:17 Error: [Cake\Routing\Exception\MissingControllerException] Controller class Font could not be found.
Exception Attributes: array (
  'class' => 'Font',
  'plugin' => NULL,
  'prefix' => NULL,
  '_ext' => NULL,
)
Request URL: /font/roboto/Roboto-Medium.ttf
Referer URL: http://myblog.loc/css/materialize.css
Stack Trace:
#0 /var/www/myblog/htdocs/webroot/index.php(37): Cake\Routing\Dispatcher->dispatch(Object(Cake\Network\Request), Object(Cake\Network\Response))
#1 {main}


2016-02-13 19:49:17 Error: [Cake\Routing\Exception\MissingControllerException] Controller class Font could not be found.
Exception Attributes: array (
  'class' => 'Font',
  'plugin' => NULL,
  'prefix' => NULL,
  '_ext' => NULL,
)
Request URL: /font/roboto/Roboto-Regular.ttf
Referer URL: http://myblog.loc/css/materialize.css
Stack Trace:
#0 /var/www/myblog/htdocs/webroot/index.php(37): Cake\Routing\Dispatcher->dispatch(Object(Cake\Network\Request), Object(Cake\Network\Response))
#1 {main}


2016-02-13 19:49:17 Error: [Cake\Routing\Exception\MissingControllerException] Controller class Font could not be found.
Exception Attributes: array (
  'class' => 'Font',
  'plugin' => NULL,
  'prefix' => NULL,
  '_ext' => NULL,
)
Request URL: /font/roboto/Roboto-Light.ttf
Referer URL: http://myblog.loc/css/materialize.css
Stack Trace:
#0 /var/www/myblog/htdocs/webroot/index.php(37): Cake\Routing\Dispatcher->dispatch(Object(Cake\Network\Request), Object(Cake\Network\Response))
#1 {main}


2016-02-13 19:49:32 Warning: DebugKit not enabled. You need to either install pdo_sqlite, or define the "debug_kit" connection name.
2016-02-13 19:49:32 Warning: DebugKit not enabled. You need to either install pdo_sqlite, or define the "debug_kit" connection name.
2016-02-13 19:49:32 Error: [Cake\Routing\Exception\MissingControllerException] Controller class Font could not be found.
Exception Attributes: array (
  'class' => 'Font',
  'plugin' => NULL,
  'prefix' => NULL,
  '_ext' => NULL,
)
Request URL: /font/roboto/Roboto-Regular.woff2
Referer URL: http://myblog.loc/css/materialize.css
Stack Trace:
#0 /var/www/myblog/htdocs/webroot/index.php(37): Cake\Routing\Dispatcher->dispatch(Object(Cake\Network\Request), Object(Cake\Network\Response))
#1 {main}


2016-02-13 19:49:32 Error: [Cake\Routing\Exception\MissingControllerException] Controller class Font could not be found.
Exception Attributes: array (
  'class' => 'Font',
  'plugin' => NULL,
  'prefix' => NULL,
  '_ext' => NULL,
)
Request URL: /font/roboto/Roboto-Bold.woff2
Referer URL: http://myblog.loc/css/materialize.css
Stack Trace:
#0 /var/www/myblog/htdocs/webroot/index.php(37): Cake\Routing\Dispatcher->dispatch(Object(Cake\Network\Request), Object(Cake\Network\Response))
#1 {main}


2016-02-13 19:49:32 Warning: DebugKit not enabled. You need to either install pdo_sqlite, or define the "debug_kit" connection name.
2016-02-13 19:49:32 Warning: DebugKit not enabled. You need to either install pdo_sqlite, or define the "debug_kit" connection name.
2016-02-13 19:49:32 Error: [Cake\Routing\Exception\MissingControllerException] Controller class Font could not be found.
Exception Attributes: array (
  'class' => 'Font',
  'plugin' => NULL,
  'prefix' => NULL,
  '_ext' => NULL,
)
Request URL: /font/roboto/Roboto-Medium.woff2
Referer URL: http://myblog.loc/css/materialize.css
Stack Trace:
#0 /var/www/myblog/htdocs/webroot/index.php(37): Cake\Routing\Dispatcher->dispatch(Object(Cake\Network\Request), Object(Cake\Network\Response))
#1 {main}


2016-02-13 19:49:32 Error: [Cake\Routing\Exception\MissingControllerException] Controller class Font could not be found.
Exception Attributes: array (
  'class' => 'Font',
  'plugin' => NULL,
  'prefix' => NULL,
  '_ext' => NULL,
)
Request URL: /font/material-design-icons/Material-Design-Icons.woff2
Referer URL: http://myblog.loc/css/materialize.css
Stack Trace:
#0 /var/www/myblog/htdocs/webroot/index.php(37): Cake\Routing\Dispatcher->dispatch(Object(Cake\Network\Request), Object(Cake\Network\Response))
#1 {main}


2016-02-13 19:49:32 Warning: DebugKit not enabled. You need to either install pdo_sqlite, or define the "debug_kit" connection name.
2016-02-13 19:49:32 Warning: DebugKit not enabled. You need to either install pdo_sqlite, or define the "debug_kit" connection name.
2016-02-13 19:49:32 Warning: DebugKit not enabled. You need to either install pdo_sqlite, or define the "debug_kit" connection name.
2016-02-13 19:49:32 Error: [Cake\Routing\Exception\MissingControllerException] Controller class Font could not be found.
Exception Attributes: array (
  'class' => 'Font',
  'plugin' => NULL,
  'prefix' => NULL,
  '_ext' => NULL,
)
Request URL: /font/roboto/Roboto-Regular.woff
Referer URL: http://myblog.loc/css/materialize.css
Stack Trace:
#0 /var/www/myblog/htdocs/webroot/index.php(37): Cake\Routing\Dispatcher->dispatch(Object(Cake\Network\Request), Object(Cake\Network\Response))
#1 {main}


2016-02-13 19:49:32 Error: [Cake\Routing\Exception\MissingControllerException] Controller class Font could not be found.
Exception Attributes: array (
  'class' => 'Font',
  'plugin' => NULL,
  'prefix' => NULL,
  '_ext' => NULL,
)
Request URL: /font/roboto/Roboto-Medium.woff
Referer URL: http://myblog.loc/css/materialize.css
Stack Trace:
#0 /var/www/myblog/htdocs/webroot/index.php(37): Cake\Routing\Dispatcher->dispatch(Object(Cake\Network\Request), Object(Cake\Network\Response))
#1 {main}


2016-02-13 19:49:32 Warning: DebugKit not enabled. You need to either install pdo_sqlite, or define the "debug_kit" connection name.
2016-02-13 19:49:32 Error: [Cake\Routing\Exception\MissingControllerException] Controller class Font could not be found.
Exception Attributes: array (
  'class' => 'Font',
  'plugin' => NULL,
  'prefix' => NULL,
  '_ext' => NULL,
)
Request URL: /font/roboto/Roboto-Bold.woff
Referer URL: http://myblog.loc/css/materialize.css
Stack Trace:
#0 /var/www/myblog/htdocs/webroot/index.php(37): Cake\Routing\Dispatcher->dispatch(Object(Cake\Network\Request), Object(Cake\Network\Response))
#1 {main}


2016-02-13 19:49:32 Error: [Cake\Routing\Exception\MissingControllerException] Controller class Font could not be found.
Exception Attributes: array (
  'class' => 'Font',
  'plugin' => NULL,
  'prefix' => NULL,
  '_ext' => NULL,
)
Request URL: /font/material-design-icons/Material-Design-Icons.woff
Referer URL: http://myblog.loc/css/materialize.css
Stack Trace:
#0 /var/www/myblog/htdocs/webroot/index.php(37): Cake\Routing\Dispatcher->dispatch(Object(Cake\Network\Request), Object(Cake\Network\Response))
#1 {main}


2016-02-13 19:49:32 Warning: DebugKit not enabled. You need to either install pdo_sqlite, or define the "debug_kit" connection name.
2016-02-13 19:49:32 Warning: DebugKit not enabled. You need to either install pdo_sqlite, or define the "debug_kit" connection name.
2016-02-13 19:49:32 Warning: DebugKit not enabled. You need to either install pdo_sqlite, or define the "debug_kit" connection name.
2016-02-13 19:49:32 Error: [Cake\Routing\Exception\MissingControllerException] Controller class Font could not be found.
Exception Attributes: array (
  'class' => 'Font',
  'plugin' => NULL,
  'prefix' => NULL,
  '_ext' => NULL,
)
Request URL: /font/roboto/Roboto-Regular.ttf
Referer URL: http://myblog.loc/css/materialize.css
Stack Trace:
#0 /var/www/myblog/htdocs/webroot/index.php(37): Cake\Routing\Dispatcher->dispatch(Object(Cake\Network\Request), Object(Cake\Network\Response))
#1 {main}


2016-02-13 19:49:32 Error: [Cake\Routing\Exception\MissingControllerException] Controller class Font could not be found.
Exception Attributes: array (
  'class' => 'Font',
  'plugin' => NULL,
  'prefix' => NULL,
  '_ext' => NULL,
)
Request URL: /font/roboto/Roboto-Medium.ttf
Referer URL: http://myblog.loc/css/materialize.css
Stack Trace:
#0 /var/www/myblog/htdocs/webroot/index.php(37): Cake\Routing\Dispatcher->dispatch(Object(Cake\Network\Request), Object(Cake\Network\Response))
#1 {main}


2016-02-13 19:49:32 Warning: DebugKit not enabled. You need to either install pdo_sqlite, or define the "debug_kit" connection name.
2016-02-13 19:49:32 Error: [Cake\Routing\Exception\MissingControllerException] Controller class Font could not be found.
Exception Attributes: array (
  'class' => 'Font',
  'plugin' => NULL,
  'prefix' => NULL,
  '_ext' => NULL,
)
Request URL: /font/roboto/Roboto-Bold.ttf
Referer URL: http://myblog.loc/css/materialize.css
Stack Trace:
#0 /var/www/myblog/htdocs/webroot/index.php(37): Cake\Routing\Dispatcher->dispatch(Object(Cake\Network\Request), Object(Cake\Network\Response))
#1 {main}


2016-02-13 19:49:32 Error: [Cake\Routing\Exception\MissingControllerException] Controller class Font could not be found.
Exception Attributes: array (
  'class' => 'Font',
  'plugin' => NULL,
  'prefix' => NULL,
  '_ext' => NULL,
)
Request URL: /font/material-design-icons/Material-Design-Icons.ttf
Referer URL: http://myblog.loc/css/materialize.css
Stack Trace:
#0 /var/www/myblog/htdocs/webroot/index.php(37): Cake\Routing\Dispatcher->dispatch(Object(Cake\Network\Request), Object(Cake\Network\Response))
#1 {main}


2016-02-13 19:49:38 Warning: DebugKit not enabled. You need to either install pdo_sqlite, or define the "debug_kit" connection name.
2016-02-13 19:49:38 Error: [Cake\Routing\Exception\MissingControllerException] Controller class Font could not be found.
Exception Attributes: array (
  'class' => 'Font',
  'plugin' => NULL,
  'prefix' => NULL,
  '_ext' => NULL,
)
Request URL: /font/roboto/Roboto-Regular.woff2
Referer URL: http://myblog.loc/css/materialize.css
Stack Trace:
#0 /var/www/myblog/htdocs/webroot/index.php(37): Cake\Routing\Dispatcher->dispatch(Object(Cake\Network\Request), Object(Cake\Network\Response))
#1 {main}


2016-02-13 19:49:38 Warning: DebugKit not enabled. You need to either install pdo_sqlite, or define the "debug_kit" connection name.
2016-02-13 19:49:38 Error: [Cake\Routing\Exception\MissingControllerException] Controller class Font could not be found.
Exception Attributes: array (
  'class' => 'Font',
  'plugin' => NULL,
  'prefix' => NULL,
  '_ext' => NULL,
)
Request URL: /font/roboto/Roboto-Bold.woff2
Referer URL: http://myblog.loc/css/materialize.css
Stack Trace:
#0 /var/www/myblog/htdocs/webroot/index.php(37): Cake\Routing\Dispatcher->dispatch(Object(Cake\Network\Request), Object(Cake\Network\Response))
#1 {main}


2016-02-13 19:49:38 Warning: DebugKit not enabled. You need to either install pdo_sqlite, or define the "debug_kit" connection name.
2016-02-13 19:49:38 Error: [Cake\Routing\Exception\MissingControllerException] Controller class Font could not be found.
Exception Attributes: array (
  'class' => 'Font',
  'plugin' => NULL,
  'prefix' => NULL,
  '_ext' => NULL,
)
Request URL: /font/fontawesome-webfont.woff2?v=4.3.0
Referer URL: http://myblog.loc/css/font-awesome.css
Stack Trace:
#0 /var/www/myblog/htdocs/webroot/index.php(37): Cake\Routing\Dispatcher->dispatch(Object(Cake\Network\Request), Object(Cake\Network\Response))
#1 {main}


2016-02-13 19:49:38 Warning: DebugKit not enabled. You need to either install pdo_sqlite, or define the "debug_kit" connection name.
2016-02-13 19:49:38 Warning: DebugKit not enabled. You need to either install pdo_sqlite, or define the "debug_kit" connection name.
2016-02-13 19:49:38 Error: [Cake\Routing\Exception\MissingControllerException] Controller class Font could not be found.
Exception Attributes: array (
  'class' => 'Font',
  'plugin' => NULL,
  'prefix' => NULL,
  '_ext' => NULL,
)
Request URL: /font/material-design-icons/Material-Design-Icons.woff2
Referer URL: http://myblog.loc/css/materialize.css
Stack Trace:
#0 /var/www/myblog/htdocs/webroot/index.php(37): Cake\Routing\Dispatcher->dispatch(Object(Cake\Network\Request), Object(Cake\Network\Response))
#1 {main}


2016-02-13 19:49:38 Error: [Cake\Routing\Exception\MissingControllerException] Controller class Font could not be found.
Exception Attributes: array (
  'class' => 'Font',
  'plugin' => NULL,
  'prefix' => NULL,
  '_ext' => NULL,
)
Request URL: /font/roboto/Roboto-Medium.woff2
Referer URL: http://myblog.loc/css/materialize.css
Stack Trace:
#0 /var/www/myblog/htdocs/webroot/index.php(37): Cake\Routing\Dispatcher->dispatch(Object(Cake\Network\Request), Object(Cake\Network\Response))
#1 {main}


2016-02-13 19:49:38 Warning: DebugKit not enabled. You need to either install pdo_sqlite, or define the "debug_kit" connection name.
2016-02-13 19:49:38 Warning: DebugKit not enabled. You need to either install pdo_sqlite, or define the "debug_kit" connection name.
2016-02-13 19:49:38 Warning: DebugKit not enabled. You need to either install pdo_sqlite, or define the "debug_kit" connection name.
2016-02-13 19:49:38 Error: [Cake\Routing\Exception\MissingControllerException] Controller class Font could not be found.
Exception Attributes: array (
  'class' => 'Font',
  'plugin' => NULL,
  'prefix' => NULL,
  '_ext' => NULL,
)
Request URL: /font/roboto/Roboto-Regular.woff
Referer URL: http://myblog.loc/css/materialize.css
Stack Trace:
#0 /var/www/myblog/htdocs/webroot/index.php(37): Cake\Routing\Dispatcher->dispatch(Object(Cake\Network\Request), Object(Cake\Network\Response))
#1 {main}


2016-02-13 19:49:38 Error: [Cake\Routing\Exception\MissingControllerException] Controller class Font could not be found.
Exception Attributes: array (
  'class' => 'Font',
  'plugin' => NULL,
  'prefix' => NULL,
  '_ext' => NULL,
)
Request URL: /font/fontawesome-webfont.woff?v=4.3.0
Referer URL: http://myblog.loc/css/font-awesome.css
Stack Trace:
#0 /var/www/myblog/htdocs/webroot/index.php(37): Cake\Routing\Dispatcher->dispatch(Object(Cake\Network\Request), Object(Cake\Network\Response))
#1 {main}


2016-02-13 19:49:38 Error: [Cake\Routing\Exception\MissingControllerException] Controller class Font could not be found.
Exception Attributes: array (
  'class' => 'Font',
  'plugin' => NULL,
  'prefix' => NULL,
  '_ext' => NULL,
)
Request URL: /font/roboto/Roboto-Bold.woff
Referer URL: http://myblog.loc/css/materialize.css
Stack Trace:
#0 /var/www/myblog/htdocs/webroot/index.php(37): Cake\Routing\Dispatcher->dispatch(Object(Cake\Network\Request), Object(Cake\Network\Response))
#1 {main}


2016-02-13 19:49:38 Warning: DebugKit not enabled. You need to either install pdo_sqlite, or define the "debug_kit" connection name.
2016-02-13 19:49:38 Warning: DebugKit not enabled. You need to either install pdo_sqlite, or define the "debug_kit" connection name.
2016-02-13 19:49:38 Error: [Cake\Routing\Exception\MissingControllerException] Controller class Font could not be found.
Exception Attributes: array (
  'class' => 'Font',
  'plugin' => NULL,
  'prefix' => NULL,
  '_ext' => NULL,
)
Request URL: /font/roboto/Roboto-Medium.woff
Referer URL: http://myblog.loc/css/materialize.css
Stack Trace:
#0 /var/www/myblog/htdocs/webroot/index.php(37): Cake\Routing\Dispatcher->dispatch(Object(Cake\Network\Request), Object(Cake\Network\Response))
#1 {main}


2016-02-13 19:49:38 Error: [Cake\Routing\Exception\MissingControllerException] Controller class Font could not be found.
Exception Attributes: array (
  'class' => 'Font',
  'plugin' => NULL,
  'prefix' => NULL,
  '_ext' => NULL,
)
Request URL: /font/material-design-icons/Material-Design-Icons.woff
Referer URL: http://myblog.loc/css/materialize.css
Stack Trace:
#0 /var/www/myblog/htdocs/webroot/index.php(37): Cake\Routing\Dispatcher->dispatch(Object(Cake\Network\Request), Object(Cake\Network\Response))
#1 {main}


2016-02-13 19:49:38 Warning: DebugKit not enabled. You need to either install pdo_sqlite, or define the "debug_kit" connection name.
2016-02-13 19:49:38 Warning: DebugKit not enabled. You need to either install pdo_sqlite, or define the "debug_kit" connection name.
2016-02-13 19:49:38 Warning: DebugKit not enabled. You need to either install pdo_sqlite, or define the "debug_kit" connection name.
2016-02-13 19:49:38 Warning: DebugKit not enabled. You need to either install pdo_sqlite, or define the "debug_kit" connection name.
2016-02-13 19:49:38 Warning: DebugKit not enabled. You need to either install pdo_sqlite, or define the "debug_kit" connection name.
2016-02-13 19:49:38 Error: [Cake\Routing\Exception\MissingControllerException] Controller class Font could not be found.
Exception Attributes: array (
  'class' => 'Font',
  'plugin' => NULL,
  'prefix' => NULL,
  '_ext' => NULL,
)
Request URL: /font/roboto/Roboto-Medium.ttf
Referer URL: http://myblog.loc/css/materialize.css
Stack Trace:
#0 /var/www/myblog/htdocs/webroot/index.php(37): Cake\Routing\Dispatcher->dispatch(Object(Cake\Network\Request), Object(Cake\Network\Response))
#1 {main}


2016-02-13 19:49:38 Error: [Cake\Routing\Exception\MissingControllerException] Controller class Font could not be found.
Exception Attributes: array (
  'class' => 'Font',
  'plugin' => NULL,
  'prefix' => NULL,
  '_ext' => NULL,
)
Request URL: /font/roboto/Roboto-Regular.ttf
Referer URL: http://myblog.loc/css/materialize.css
Stack Trace:
#0 /var/www/myblog/htdocs/webroot/index.php(37): Cake\Routing\Dispatcher->dispatch(Object(Cake\Network\Request), Object(Cake\Network\Response))
#1 {main}


2016-02-13 19:49:38 Error: [Cake\Routing\Exception\MissingControllerException] Controller class Font could not be found.
Exception Attributes: array (
  'class' => 'Font',
  'plugin' => NULL,
  'prefix' => NULL,
  '_ext' => NULL,
)
Request URL: /font/material-design-icons/Material-Design-Icons.ttf
Referer URL: http://myblog.loc/css/materialize.css
Stack Trace:
#0 /var/www/myblog/htdocs/webroot/index.php(37): Cake\Routing\Dispatcher->dispatch(Object(Cake\Network\Request), Object(Cake\Network\Response))
#1 {main}


2016-02-13 19:49:38 Error: [Cake\Routing\Exception\MissingControllerException] Controller class Font could not be found.
Exception Attributes: array (
  'class' => 'Font',
  'plugin' => NULL,
  'prefix' => NULL,
  '_ext' => NULL,
)
Request URL: /font/fontawesome-webfont.ttf?v=4.3.0
Referer URL: http://myblog.loc/css/font-awesome.css
Stack Trace:
#0 /var/www/myblog/htdocs/webroot/index.php(37): Cake\Routing\Dispatcher->dispatch(Object(Cake\Network\Request), Object(Cake\Network\Response))
#1 {main}


2016-02-13 19:49:38 Error: [Cake\Routing\Exception\MissingControllerException] Controller class Font could not be found.
Exception Attributes: array (
  'class' => 'Font',
  'plugin' => NULL,
  'prefix' => NULL,
  '_ext' => NULL,
)
Request URL: /font/roboto/Roboto-Bold.ttf
Referer URL: http://myblog.loc/css/materialize.css
Stack Trace:
#0 /var/www/myblog/htdocs/webroot/index.php(37): Cake\Routing\Dispatcher->dispatch(Object(Cake\Network\Request), Object(Cake\Network\Response))
#1 {main}


2016-02-13 19:49:51 Warning: DebugKit not enabled. You need to either install pdo_sqlite, or define the "debug_kit" connection name.
2016-02-13 19:49:51 Error: [Cake\Routing\Exception\MissingControllerException] Controller class Font could not be found.
Exception Attributes: array (
  'class' => 'Font',
  'plugin' => NULL,
  'prefix' => NULL,
  '_ext' => NULL,
)
Request URL: /font/roboto/Roboto-Regular.woff2
Referer URL: http://myblog.loc/css/materialize.css
Stack Trace:
#0 /var/www/myblog/htdocs/webroot/index.php(37): Cake\Routing\Dispatcher->dispatch(Object(Cake\Network\Request), Object(Cake\Network\Response))
#1 {main}


2016-02-13 19:49:51 Warning: DebugKit not enabled. You need to either install pdo_sqlite, or define the "debug_kit" connection name.
2016-02-13 19:49:51 Warning: DebugKit not enabled. You need to either install pdo_sqlite, or define the "debug_kit" connection name.
2016-02-13 19:49:51 Error: [Cake\Routing\Exception\MissingControllerException] Controller class Font could not be found.
Exception Attributes: array (
  'class' => 'Font',
  'plugin' => NULL,
  'prefix' => NULL,
  '_ext' => NULL,
)
Request URL: /font/fontawesome-webfont.woff2?v=4.3.0
Referer URL: http://myblog.loc/css/font-awesome.css
Stack Trace:
#0 /var/www/myblog/htdocs/webroot/index.php(37): Cake\Routing\Dispatcher->dispatch(Object(Cake\Network\Request), Object(Cake\Network\Response))
#1 {main}


2016-02-13 19:49:51 Error: [Cake\Routing\Exception\MissingControllerException] Controller class Font could not be found.
Exception Attributes: array (
  'class' => 'Font',
  'plugin' => NULL,
  'prefix' => NULL,
  '_ext' => NULL,
)
Request URL: /font/roboto/Roboto-Bold.woff2
Referer URL: http://myblog.loc/css/materialize.css
Stack Trace:
#0 /var/www/myblog/htdocs/webroot/index.php(37): Cake\Routing\Dispatcher->dispatch(Object(Cake\Network\Request), Object(Cake\Network\Response))
#1 {main}


2016-02-13 19:49:51 Warning: DebugKit not enabled. You need to either install pdo_sqlite, or define the "debug_kit" connection name.
2016-02-13 19:49:51 Error: [Cake\Routing\Exception\MissingControllerException] Controller class Font could not be found.
Exception Attributes: array (
  'class' => 'Font',
  'plugin' => NULL,
  'prefix' => NULL,
  '_ext' => NULL,
)
Request URL: /font/roboto/Roboto-Medium.woff2
Referer URL: http://myblog.loc/css/materialize.css
Stack Trace:
#0 /var/www/myblog/htdocs/webroot/index.php(37): Cake\Routing\Dispatcher->dispatch(Object(Cake\Network\Request), Object(Cake\Network\Response))
#1 {main}


2016-02-13 19:49:51 Warning: DebugKit not enabled. You need to either install pdo_sqlite, or define the "debug_kit" connection name.
2016-02-13 19:49:51 Error: [Cake\Routing\Exception\MissingControllerException] Controller class Font could not be found.
Exception Attributes: array (
  'class' => 'Font',
  'plugin' => NULL,
  'prefix' => NULL,
  '_ext' => NULL,
)
Request URL: /font/material-design-icons/Material-Design-Icons.woff2
Referer URL: http://myblog.loc/css/materialize.css
Stack Trace:
#0 /var/www/myblog/htdocs/webroot/index.php(37): Cake\Routing\Dispatcher->dispatch(Object(Cake\Network\Request), Object(Cake\Network\Response))
#1 {main}


2016-02-13 19:49:51 Warning: DebugKit not enabled. You need to either install pdo_sqlite, or define the "debug_kit" connection name.
2016-02-13 19:49:51 Warning: DebugKit not enabled. You need to either install pdo_sqlite, or define the "debug_kit" connection name.
2016-02-13 19:49:51 Warning: DebugKit not enabled. You need to either install pdo_sqlite, or define the "debug_kit" connection name.
2016-02-13 19:49:51 Warning: DebugKit not enabled. You need to either install pdo_sqlite, or define the "debug_kit" connection name.
2016-02-13 19:49:51 Error: [Cake\Routing\Exception\MissingControllerException] Controller class Font could not be found.
Exception Attributes: array (
  'class' => 'Font',
  'plugin' => NULL,
  'prefix' => NULL,
  '_ext' => NULL,
)
Request URL: /font/roboto/Roboto-Regular.woff
Referer URL: http://myblog.loc/css/materialize.css
Stack Trace:
#0 /var/www/myblog/htdocs/webroot/index.php(37): Cake\Routing\Dispatcher->dispatch(Object(Cake\Network\Request), Object(Cake\Network\Response))
#1 {main}


2016-02-13 19:49:51 Error: [Cake\Routing\Exception\MissingControllerException] Controller class Font could not be found.
Exception Attributes: array (
  'class' => 'Font',
  'plugin' => NULL,
  'prefix' => NULL,
  '_ext' => NULL,
)
Request URL: /font/fontawesome-webfont.woff?v=4.3.0
Referer URL: http://myblog.loc/css/font-awesome.css
Stack Trace:
#0 /var/www/myblog/htdocs/webroot/index.php(37): Cake\Routing\Dispatcher->dispatch(Object(Cake\Network\Request), Object(Cake\Network\Response))
#1 {main}


2016-02-13 19:49:51 Error: [Cake\Routing\Exception\MissingControllerException] Controller class Font could not be found.
Exception Attributes: array (
  'class' => 'Font',
  'plugin' => NULL,
  'prefix' => NULL,
  '_ext' => NULL,
)
Request URL: /font/roboto/Roboto-Bold.woff
Referer URL: http://myblog.loc/css/materialize.css
Stack Trace:
#0 /var/www/myblog/htdocs/webroot/index.php(37): Cake\Routing\Dispatcher->dispatch(Object(Cake\Network\Request), Object(Cake\Network\Response))
#1 {main}


2016-02-13 19:49:51 Error: [Cake\Routing\Exception\MissingControllerException] Controller class Font could not be found.
Exception Attributes: array (
  'class' => 'Font',
  'plugin' => NULL,
  'prefix' => NULL,
  '_ext' => NULL,
)
Request URL: /font/roboto/Roboto-Medium.woff
Referer URL: http://myblog.loc/css/materialize.css
Stack Trace:
#0 /var/www/myblog/htdocs/webroot/index.php(37): Cake\Routing\Dispatcher->dispatch(Object(Cake\Network\Request), Object(Cake\Network\Response))
#1 {main}


2016-02-13 19:49:51 Warning: DebugKit not enabled. You need to either install pdo_sqlite, or define the "debug_kit" connection name.
2016-02-13 19:49:51 Warning: DebugKit not enabled. You need to either install pdo_sqlite, or define the "debug_kit" connection name.
2016-02-13 19:49:51 Warning: DebugKit not enabled. You need to either install pdo_sqlite, or define the "debug_kit" connection name.
2016-02-13 19:49:51 Error: [Cake\Routing\Exception\MissingControllerException] Controller class Font could not be found.
Exception Attributes: array (
  'class' => 'Font',
  'plugin' => NULL,
  'prefix' => NULL,
  '_ext' => NULL,
)
Request URL: /font/material-design-icons/Material-Design-Icons.woff
Referer URL: http://myblog.loc/css/materialize.css
Stack Trace:
#0 /var/www/myblog/htdocs/webroot/index.php(37): Cake\Routing\Dispatcher->dispatch(Object(Cake\Network\Request), Object(Cake\Network\Response))
#1 {main}


2016-02-13 19:49:51 Error: [Cake\Routing\Exception\MissingControllerException] Controller class Font could not be found.
Exception Attributes: array (
  'class' => 'Font',
  'plugin' => NULL,
  'prefix' => NULL,
  '_ext' => NULL,
)
Request URL: /font/roboto/Roboto-Regular.ttf
Referer URL: http://myblog.loc/css/materialize.css
Stack Trace:
#0 /var/www/myblog/htdocs/webroot/index.php(37): Cake\Routing\Dispatcher->dispatch(Object(Cake\Network\Request), Object(Cake\Network\Response))
#1 {main}


2016-02-13 19:49:51 Error: [Cake\Routing\Exception\MissingControllerException] Controller class Font could not be found.
Exception Attributes: array (
  'class' => 'Font',
  'plugin' => NULL,
  'prefix' => NULL,
  '_ext' => NULL,
)
Request URL: /font/fontawesome-webfont.ttf?v=4.3.0
Referer URL: http://myblog.loc/css/font-awesome.css
Stack Trace:
#0 /var/www/myblog/htdocs/webroot/index.php(37): Cake\Routing\Dispatcher->dispatch(Object(Cake\Network\Request), Object(Cake\Network\Response))
#1 {main}


2016-02-13 19:49:51 Warning: DebugKit not enabled. You need to either install pdo_sqlite, or define the "debug_kit" connection name.
2016-02-13 19:49:51 Warning: DebugKit not enabled. You need to either install pdo_sqlite, or define the "debug_kit" connection name.
2016-02-13 19:49:51 Error: [Cake\Routing\Exception\MissingControllerException] Controller class Font could not be found.
Exception Attributes: array (
  'class' => 'Font',
  'plugin' => NULL,
  'prefix' => NULL,
  '_ext' => NULL,
)
Request URL: /font/roboto/Roboto-Bold.ttf
Referer URL: http://myblog.loc/css/materialize.css
Stack Trace:
#0 /var/www/myblog/htdocs/webroot/index.php(37): Cake\Routing\Dispatcher->dispatch(Object(Cake\Network\Request), Object(Cake\Network\Response))
#1 {main}


2016-02-13 19:49:51 Error: [Cake\Routing\Exception\MissingControllerException] Controller class Font could not be found.
Exception Attributes: array (
  'class' => 'Font',
  'plugin' => NULL,
  'prefix' => NULL,
  '_ext' => NULL,
)
Request URL: /font/roboto/Roboto-Medium.ttf
Referer URL: http://myblog.loc/css/materialize.css
Stack Trace:
#0 /var/www/myblog/htdocs/webroot/index.php(37): Cake\Routing\Dispatcher->dispatch(Object(Cake\Network\Request), Object(Cake\Network\Response))
#1 {main}


2016-02-13 19:49:51 Warning: DebugKit not enabled. You need to either install pdo_sqlite, or define the "debug_kit" connection name.
2016-02-13 19:49:51 Error: [Cake\Routing\Exception\MissingControllerException] Controller class Font could not be found.
Exception Attributes: array (
  'class' => 'Font',
  'plugin' => NULL,
  'prefix' => NULL,
  '_ext' => NULL,
)
Request URL: /font/material-design-icons/Material-Design-Icons.ttf
Referer URL: http://myblog.loc/css/materialize.css
Stack Trace:
#0 /var/www/myblog/htdocs/webroot/index.php(37): Cake\Routing\Dispatcher->dispatch(Object(Cake\Network\Request), Object(Cake\Network\Response))
#1 {main}


2016-02-13 20:42:45 Warning: DebugKit not enabled. You need to either install pdo_sqlite, or define the "debug_kit" connection name.
2016-02-13 20:42:51 Warning: DebugKit not enabled. You need to either install pdo_sqlite, or define the "debug_kit" connection name.
2016-02-13 20:43:04 Warning: DebugKit not enabled. You need to either install pdo_sqlite, or define the "debug_kit" connection name.
2016-02-13 20:43:29 Warning: DebugKit not enabled. You need to either install pdo_sqlite, or define the "debug_kit" connection name.
2016-02-13 20:44:02 Warning: DebugKit not enabled. You need to either install pdo_sqlite, or define the "debug_kit" connection name.
2016-02-13 20:44:27 Warning: DebugKit not enabled. You need to either install pdo_sqlite, or define the "debug_kit" connection name.
2016-02-13 20:44:53 Warning: DebugKit not enabled. You need to either install pdo_sqlite, or define the "debug_kit" connection name.
2016-02-13 20:45:02 Warning: DebugKit not enabled. You need to either install pdo_sqlite, or define the "debug_kit" connection name.
2016-02-13 20:46:35 Warning: DebugKit not enabled. You need to either install pdo_sqlite, or define the "debug_kit" connection name.
2016-02-13 20:46:36 Warning: DebugKit not enabled. You need to either install pdo_sqlite, or define the "debug_kit" connection name.
2016-02-13 20:46:46 Warning: DebugKit not enabled. You need to either install pdo_sqlite, or define the "debug_kit" connection name.
2016-02-13 20:47:26 Warning: DebugKit not enabled. You need to either install pdo_sqlite, or define the "debug_kit" connection name.
2016-02-13 20:47:27 Warning: DebugKit not enabled. You need to either install pdo_sqlite, or define the "debug_kit" connection name.
2016-02-13 20:47:27 Warning: DebugKit not enabled. You need to either install pdo_sqlite, or define the "debug_kit" connection name.
2016-02-13 20:47:28 Warning: DebugKit not enabled. You need to either install pdo_sqlite, or define the "debug_kit" connection name.
2016-02-13 20:51:40 Warning: DebugKit not enabled. You need to either install pdo_sqlite, or define the "debug_kit" connection name.
2016-02-13 20:51:41 Warning: DebugKit not enabled. You need to either install pdo_sqlite, or define the "debug_kit" connection name.
2016-02-13 20:51:41 Warning: DebugKit not enabled. You need to either install pdo_sqlite, or define the "debug_kit" connection name.
2016-02-13 20:51:41 Warning: DebugKit not enabled. You need to either install pdo_sqlite, or define the "debug_kit" connection name.
2016-02-13 20:51:42 Warning: DebugKit not enabled. You need to either install pdo_sqlite, or define the "debug_kit" connection name.
2016-02-13 20:51:42 Warning: DebugKit not enabled. You need to either install pdo_sqlite, or define the "debug_kit" connection name.
2016-02-13 20:52:12 Warning: DebugKit not enabled. You need to either install pdo_sqlite, or define the "debug_kit" connection name.
2016-02-13 20:52:31 Warning: DebugKit not enabled. You need to either install pdo_sqlite, or define the "debug_kit" connection name.
2016-02-13 20:52:43 Warning: DebugKit not enabled. You need to either install pdo_sqlite, or define the "debug_kit" connection name.
2016-02-13 20:52:53 Warning: DebugKit not enabled. You need to either install pdo_sqlite, or define the "debug_kit" connection name.
2016-02-13 20:53:00 Warning: DebugKit not enabled. You need to either install pdo_sqlite, or define the "debug_kit" connection name.
2016-02-13 20:53:08 Warning: DebugKit not enabled. You need to either install pdo_sqlite, or define the "debug_kit" connection name.
2016-02-13 20:53:15 Warning: DebugKit not enabled. You need to either install pdo_sqlite, or define the "debug_kit" connection name.
2016-02-13 20:53:21 Warning: DebugKit not enabled. You need to either install pdo_sqlite, or define the "debug_kit" connection name.
2016-02-13 20:53:52 Warning: DebugKit not enabled. You need to either install pdo_sqlite, or define the "debug_kit" connection name.
2016-02-13 20:54:13 Warning: DebugKit not enabled. You need to either install pdo_sqlite, or define the "debug_kit" connection name.
2016-02-13 20:54:31 Warning: DebugKit not enabled. You need to either install pdo_sqlite, or define the "debug_kit" connection name.
2016-02-13 21:27:34 Warning: DebugKit not enabled. You need to either install pdo_sqlite, or define the "debug_kit" connection name.
2016-02-13 21:47:53 Warning: DebugKit not enabled. You need to either install pdo_sqlite, or define the "debug_kit" connection name.
2016-02-13 21:47:53 Error: Fatal Error (4): syntax error, unexpected ']' in [/var/www/myblog/htdocs/src/Template/Admin/display.ctp, line 2]
Trace:
Cake\Error\BaseErrorHandler::handleFatalError() - CORE/src/Error/BaseErrorHandler.php, line 216
Cake\Error\BaseErrorHandler::Cake\Error\{closure}() - CORE/src/Error/BaseErrorHandler.php, line 99
[main] - [internal], line ??



2016-02-13 21:47:53 Error: [Cake\Error\FatalErrorException] syntax error, unexpected ']'
Request URL: /admin/
Referer URL: http://myblog.loc/admin/
Stack Trace:
#0 /var/www/myblog/htdocs/vendor/cakephp/cakephp/src/Error/BaseErrorHandler.php(99): Cake\Error\BaseErrorHandler->handleFatalError(4, 'syntax error, u...', '/var/www/myblog...', 2)
#1 [internal function]: Cake\Error\BaseErrorHandler->Cake\Error\{closure}()
#2 {main}


2016-02-13 21:48:04 Warning: DebugKit not enabled. You need to either install pdo_sqlite, or define the "debug_kit" connection name.
2016-02-13 21:48:35 Warning: DebugKit not enabled. You need to either install pdo_sqlite, or define the "debug_kit" connection name.
2016-02-13 22:06:31 Warning: DebugKit not enabled. You need to either install pdo_sqlite, or define the "debug_kit" connection name.
2016-02-13 22:06:31 Error: [Cake\Database\Exception\MissingExtensionException] Database driver Cake\Database\Driver\Mysql cannot be used due to a missing PHP extension or unmet dependency
Exception Attributes: array (
  'driver' => 'Cake\\Database\\Driver\\Mysql',
)
Request URL: /admin/users/
Stack Trace:
#0 /var/www/myblog/htdocs/vendor/cakephp/cakephp/src/Database/Connection.php(107): Cake\Database\Connection->driver('Cake\Database\D...', Array)
#1 /var/www/myblog/htdocs/vendor/cakephp/cakephp/src/Datasource/ConnectionRegistry.php(87): Cake\Database\Connection->__construct(Array)
#2 /var/www/myblog/htdocs/vendor/cakephp/cakephp/src/Core/ObjectRegistry.php(93): Cake\Datasource\ConnectionRegistry->_create('Cake\Database\C...', 'default', Array)
#3 /var/www/myblog/htdocs/vendor/cakephp/cakephp/src/Datasource/ConnectionManager.php(195): Cake\Core\ObjectRegistry->load('default', Array)
#4 /var/www/myblog/htdocs/vendor/cakephp/cakephp/src/ORM/Locator/TableLocator.php(165): Cake\Datasource\ConnectionManager::get('default')
#5 /var/www/myblog/htdocs/vendor/cakephp/cakephp/src/Datasource/ModelAwareTrait.php(114): Cake\ORM\Locator\TableLocator->get('Users')
#6 /var/www/myblog/htdocs/src/Controller/AdminController.php(21): Cake\Controller\Controller->loadModel('Users')
#7 [internal function]: App\Controller\AdminController->users()
#8 /var/www/myblog/htdocs/vendor/cakephp/cakephp/src/Controller/Controller.php(429): call_user_func_array(Array, Array)
#9 /var/www/myblog/htdocs/vendor/cakephp/cakephp/src/Routing/Dispatcher.php(114): Cake\Controller\Controller->invokeAction()
#10 /var/www/myblog/htdocs/vendor/cakephp/cakephp/src/Routing/Dispatcher.php(87): Cake\Routing\Dispatcher->_invoke(Object(App\Controller\AdminController))
#11 /var/www/myblog/htdocs/webroot/index.php(37): Cake\Routing\Dispatcher->dispatch(Object(Cake\Network\Request), Object(Cake\Network\Response))
#12 {main}


2016-02-13 22:07:47 Warning: DebugKit not enabled. You need to either install pdo_sqlite, or define the "debug_kit" connection name.
2016-02-13 22:07:47 Error: [Cake\Database\Exception\MissingExtensionException] Database driver Cake\Database\Driver\Mysql cannot be used due to a missing PHP extension or unmet dependency
Exception Attributes: array (
  'driver' => 'Cake\\Database\\Driver\\Mysql',
)
Request URL: /admin/users/
Stack Trace:
#0 /var/www/myblog/htdocs/vendor/cakephp/cakephp/src/Database/Connection.php(107): Cake\Database\Connection->driver('Cake\Database\D...', Array)
#1 /var/www/myblog/htdocs/vendor/cakephp/cakephp/src/Datasource/ConnectionRegistry.php(87): Cake\Database\Connection->__construct(Array)
#2 /var/www/myblog/htdocs/vendor/cakephp/cakephp/src/Core/ObjectRegistry.php(93): Cake\Datasource\ConnectionRegistry->_create('Cake\Database\C...', 'default', Array)
#3 /var/www/myblog/htdocs/vendor/cakephp/cakephp/src/Datasource/ConnectionManager.php(195): Cake\Core\ObjectRegistry->load('default', Array)
#4 /var/www/myblog/htdocs/vendor/cakephp/cakephp/src/ORM/Locator/TableLocator.php(165): Cake\Datasource\ConnectionManager::get('default')
#5 /var/www/myblog/htdocs/vendor/cakephp/cakephp/src/Datasource/ModelAwareTrait.php(114): Cake\ORM\Locator\TableLocator->get('Users')
#6 /var/www/myblog/htdocs/src/Controller/AdminController.php(21): Cake\Controller\Controller->loadModel('Users')
#7 [internal function]: App\Controller\AdminController->users()
#8 /var/www/myblog/htdocs/vendor/cakephp/cakephp/src/Controller/Controller.php(429): call_user_func_array(Array, Array)
#9 /var/www/myblog/htdocs/vendor/cakephp/cakephp/src/Routing/Dispatcher.php(114): Cake\Controller\Controller->invokeAction()
#10 /var/www/myblog/htdocs/vendor/cakephp/cakephp/src/Routing/Dispatcher.php(87): Cake\Routing\Dispatcher->_invoke(Object(App\Controller\AdminController))
#11 /var/www/myblog/htdocs/webroot/index.php(37): Cake\Routing\Dispatcher->dispatch(Object(Cake\Network\Request), Object(Cake\Network\Response))
#12 {main}


2016-02-13 22:07:48 Warning: DebugKit not enabled. You need to either install pdo_sqlite, or define the "debug_kit" connection name.
2016-02-13 22:07:48 Error: [Cake\Database\Exception\MissingExtensionException] Database driver Cake\Database\Driver\Mysql cannot be used due to a missing PHP extension or unmet dependency
Exception Attributes: array (
  'driver' => 'Cake\\Database\\Driver\\Mysql',
)
Request URL: /admin/users/
Stack Trace:
#0 /var/www/myblog/htdocs/vendor/cakephp/cakephp/src/Database/Connection.php(107): Cake\Database\Connection->driver('Cake\Database\D...', Array)
#1 /var/www/myblog/htdocs/vendor/cakephp/cakephp/src/Datasource/ConnectionRegistry.php(87): Cake\Database\Connection->__construct(Array)
#2 /var/www/myblog/htdocs/vendor/cakephp/cakephp/src/Core/ObjectRegistry.php(93): Cake\Datasource\ConnectionRegistry->_create('Cake\Database\C...', 'default', Array)
#3 /var/www/myblog/htdocs/vendor/cakephp/cakephp/src/Datasource/ConnectionManager.php(195): Cake\Core\ObjectRegistry->load('default', Array)
#4 /var/www/myblog/htdocs/vendor/cakephp/cakephp/src/ORM/Locator/TableLocator.php(165): Cake\Datasource\ConnectionManager::get('default')
#5 /var/www/myblog/htdocs/vendor/cakephp/cakephp/src/Datasource/ModelAwareTrait.php(114): Cake\ORM\Locator\TableLocator->get('Users')
#6 /var/www/myblog/htdocs/src/Controller/AdminController.php(21): Cake\Controller\Controller->loadModel('Users')
#7 [internal function]: App\Controller\AdminController->users()
#8 /var/www/myblog/htdocs/vendor/cakephp/cakephp/src/Controller/Controller.php(429): call_user_func_array(Array, Array)
#9 /var/www/myblog/htdocs/vendor/cakephp/cakephp/src/Routing/Dispatcher.php(114): Cake\Controller\Controller->invokeAction()
#10 /var/www/myblog/htdocs/vendor/cakephp/cakephp/src/Routing/Dispatcher.php(87): Cake\Routing\Dispatcher->_invoke(Object(App\Controller\AdminController))
#11 /var/www/myblog/htdocs/webroot/index.php(37): Cake\Routing\Dispatcher->dispatch(Object(Cake\Network\Request), Object(Cake\Network\Response))
#12 {main}


2016-02-13 22:11:03 Warning: DebugKit not enabled. You need to either install pdo_sqlite, or define the "debug_kit" connection name.
2016-02-13 22:18:19 Warning: DebugKit not enabled. You need to either install pdo_sqlite, or define the "debug_kit" connection name.
2016-02-13 22:18:19 Error: [Cake\Database\Exception\MissingExtensionException] Database driver Cake\Database\Driver\Mysql cannot be used due to a missing PHP extension or unmet dependency
Exception Attributes: array (
  'driver' => 'Cake\\Database\\Driver\\Mysql',
)
Request URL: /admin/users/
Stack Trace:
#0 /var/www/myblog/htdocs/vendor/cakephp/cakephp/src/Database/Connection.php(107): Cake\Database\Connection->driver('Cake\Database\D...', Array)
#1 /var/www/myblog/htdocs/vendor/cakephp/cakephp/src/Datasource/ConnectionRegistry.php(87): Cake\Database\Connection->__construct(Array)
#2 /var/www/myblog/htdocs/vendor/cakephp/cakephp/src/Core/ObjectRegistry.php(93): Cake\Datasource\ConnectionRegistry->_create('Cake\Database\C...', 'default', Array)
#3 /var/www/myblog/htdocs/vendor/cakephp/cakephp/src/Datasource/ConnectionManager.php(195): Cake\Core\ObjectRegistry->load('default', Array)
#4 /var/www/myblog/htdocs/vendor/cakephp/cakephp/src/ORM/Locator/TableLocator.php(165): Cake\Datasource\ConnectionManager::get('default')
#5 /var/www/myblog/htdocs/vendor/cakephp/cakephp/src/Datasource/ModelAwareTrait.php(114): Cake\ORM\Locator\TableLocator->get('Users')
#6 /var/www/myblog/htdocs/src/Controller/AdminController.php(21): Cake\Controller\Controller->loadModel('Users')
#7 [internal function]: App\Controller\AdminController->users()
#8 /var/www/myblog/htdocs/vendor/cakephp/cakephp/src/Controller/Controller.php(429): call_user_func_array(Array, Array)
#9 /var/www/myblog/htdocs/vendor/cakephp/cakephp/src/Routing/Dispatcher.php(114): Cake\Controller\Controller->invokeAction()
#10 /var/www/myblog/htdocs/vendor/cakephp/cakephp/src/Routing/Dispatcher.php(87): Cake\Routing\Dispatcher->_invoke(Object(App\Controller\AdminController))
#11 /var/www/myblog/htdocs/webroot/index.php(37): Cake\Routing\Dispatcher->dispatch(Object(Cake\Network\Request), Object(Cake\Network\Response))
#12 {main}


2016-02-13 22:18:20 Warning: DebugKit not enabled. You need to either install pdo_sqlite, or define the "debug_kit" connection name.
2016-02-13 22:18:20 Error: [Cake\Database\Exception\MissingExtensionException] Database driver Cake\Database\Driver\Mysql cannot be used due to a missing PHP extension or unmet dependency
Exception Attributes: array (
  'driver' => 'Cake\\Database\\Driver\\Mysql',
)
Request URL: /admin/users/
Stack Trace:
#0 /var/www/myblog/htdocs/vendor/cakephp/cakephp/src/Database/Connection.php(107): Cake\Database\Connection->driver('Cake\Database\D...', Array)
#1 /var/www/myblog/htdocs/vendor/cakephp/cakephp/src/Datasource/ConnectionRegistry.php(87): Cake\Database\Connection->__construct(Array)
#2 /var/www/myblog/htdocs/vendor/cakephp/cakephp/src/Core/ObjectRegistry.php(93): Cake\Datasource\ConnectionRegistry->_create('Cake\Database\C...', 'default', Array)
#3 /var/www/myblog/htdocs/vendor/cakephp/cakephp/src/Datasource/ConnectionManager.php(195): Cake\Core\ObjectRegistry->load('default', Array)
#4 /var/www/myblog/htdocs/vendor/cakephp/cakephp/src/ORM/Locator/TableLocator.php(165): Cake\Datasource\ConnectionManager::get('default')
#5 /var/www/myblog/htdocs/vendor/cakephp/cakephp/src/Datasource/ModelAwareTrait.php(114): Cake\ORM\Locator\TableLocator->get('Users')
#6 /var/www/myblog/htdocs/src/Controller/AdminController.php(21): Cake\Controller\Controller->loadModel('Users')
#7 [internal function]: App\Controller\AdminController->users()
#8 /var/www/myblog/htdocs/vendor/cakephp/cakephp/src/Controller/Controller.php(429): call_user_func_array(Array, Array)
#9 /var/www/myblog/htdocs/vendor/cakephp/cakephp/src/Routing/Dispatcher.php(114): Cake\Controller\Controller->invokeAction()
#10 /var/www/myblog/htdocs/vendor/cakephp/cakephp/src/Routing/Dispatcher.php(87): Cake\Routing\Dispatcher->_invoke(Object(App\Controller\AdminController))
#11 /var/www/myblog/htdocs/webroot/index.php(37): Cake\Routing\Dispatcher->dispatch(Object(Cake\Network\Request), Object(Cake\Network\Response))
#12 {main}


2016-02-13 22:18:20 Warning: DebugKit not enabled. You need to either install pdo_sqlite, or define the "debug_kit" connection name.
2016-02-13 22:18:20 Error: [Cake\Database\Exception\MissingExtensionException] Database driver Cake\Database\Driver\Mysql cannot be used due to a missing PHP extension or unmet dependency
Exception Attributes: array (
  'driver' => 'Cake\\Database\\Driver\\Mysql',
)
Request URL: /admin/users/
Stack Trace:
#0 /var/www/myblog/htdocs/vendor/cakephp/cakephp/src/Database/Connection.php(107): Cake\Database\Connection->driver('Cake\Database\D...', Array)
#1 /var/www/myblog/htdocs/vendor/cakephp/cakephp/src/Datasource/ConnectionRegistry.php(87): Cake\Database\Connection->__construct(Array)
#2 /var/www/myblog/htdocs/vendor/cakephp/cakephp/src/Core/ObjectRegistry.php(93): Cake\Datasource\ConnectionRegistry->_create('Cake\Database\C...', 'default', Array)
#3 /var/www/myblog/htdocs/vendor/cakephp/cakephp/src/Datasource/ConnectionManager.php(195): Cake\Core\ObjectRegistry->load('default', Array)
#4 /var/www/myblog/htdocs/vendor/cakephp/cakephp/src/ORM/Locator/TableLocator.php(165): Cake\Datasource\ConnectionManager::get('default')
#5 /var/www/myblog/htdocs/vendor/cakephp/cakephp/src/Datasource/ModelAwareTrait.php(114): Cake\ORM\Locator\TableLocator->get('Users')
#6 /var/www/myblog/htdocs/src/Controller/AdminController.php(21): Cake\Controller\Controller->loadModel('Users')
#7 [internal function]: App\Controller\AdminController->users()
#8 /var/www/myblog/htdocs/vendor/cakephp/cakephp/src/Controller/Controller.php(429): call_user_func_array(Array, Array)
#9 /var/www/myblog/htdocs/vendor/cakephp/cakephp/src/Routing/Dispatcher.php(114): Cake\Controller\Controller->invokeAction()
#10 /var/www/myblog/htdocs/vendor/cakephp/cakephp/src/Routing/Dispatcher.php(87): Cake\Routing\Dispatcher->_invoke(Object(App\Controller\AdminController))
#11 /var/www/myblog/htdocs/webroot/index.php(37): Cake\Routing\Dispatcher->dispatch(Object(Cake\Network\Request), Object(Cake\Network\Response))
#12 {main}


2016-02-13 22:18:20 Warning: DebugKit not enabled. You need to either install pdo_sqlite, or define the "debug_kit" connection name.
2016-02-13 22:18:20 Error: [Cake\Database\Exception\MissingExtensionException] Database driver Cake\Database\Driver\Mysql cannot be used due to a missing PHP extension or unmet dependency
Exception Attributes: array (
  'driver' => 'Cake\\Database\\Driver\\Mysql',
)
Request URL: /admin/users/
Stack Trace:
#0 /var/www/myblog/htdocs/vendor/cakephp/cakephp/src/Database/Connection.php(107): Cake\Database\Connection->driver('Cake\Database\D...', Array)
#1 /var/www/myblog/htdocs/vendor/cakephp/cakephp/src/Datasource/ConnectionRegistry.php(87): Cake\Database\Connection->__construct(Array)
#2 /var/www/myblog/htdocs/vendor/cakephp/cakephp/src/Core/ObjectRegistry.php(93): Cake\Datasource\ConnectionRegistry->_create('Cake\Database\C...', 'default', Array)
#3 /var/www/myblog/htdocs/vendor/cakephp/cakephp/src/Datasource/ConnectionManager.php(195): Cake\Core\ObjectRegistry->load('default', Array)
#4 /var/www/myblog/htdocs/vendor/cakephp/cakephp/src/ORM/Locator/TableLocator.php(165): Cake\Datasource\ConnectionManager::get('default')
#5 /var/www/myblog/htdocs/vendor/cakephp/cakephp/src/Datasource/ModelAwareTrait.php(114): Cake\ORM\Locator\TableLocator->get('Users')
#6 /var/www/myblog/htdocs/src/Controller/AdminController.php(21): Cake\Controller\Controller->loadModel('Users')
#7 [internal function]: App\Controller\AdminController->users()
#8 /var/www/myblog/htdocs/vendor/cakephp/cakephp/src/Controller/Controller.php(429): call_user_func_array(Array, Array)
#9 /var/www/myblog/htdocs/vendor/cakephp/cakephp/src/Routing/Dispatcher.php(114): Cake\Controller\Controller->invokeAction()
#10 /var/www/myblog/htdocs/vendor/cakephp/cakephp/src/Routing/Dispatcher.php(87): Cake\Routing\Dispatcher->_invoke(Object(App\Controller\AdminController))
#11 /var/www/myblog/htdocs/webroot/index.php(37): Cake\Routing\Dispatcher->dispatch(Object(Cake\Network\Request), Object(Cake\Network\Response))
#12 {main}


2016-02-13 22:18:34 Warning: DebugKit not enabled. You need to either install pdo_sqlite, or define the "debug_kit" connection name.
2016-02-13 22:18:34 Error: [Cake\Routing\Exception\MissingControllerException] Controller class Info.php could not be found.
Exception Attributes: array (
  'class' => 'Info.php',
  'plugin' => NULL,
  'prefix' => NULL,
  '_ext' => NULL,
)
Request URL: /info.php
Stack Trace:
#0 /var/www/myblog/htdocs/webroot/index.php(37): Cake\Routing\Dispatcher->dispatch(Object(Cake\Network\Request), Object(Cake\Network\Response))
#1 {main}


